<html>
<head>
<title>TestNG:  Default test</title>
<link href="../testng.css" rel="stylesheet" type="text/css" />
<link href="../my-testng.css" rel="stylesheet" type="text/css" />

<style type="text/css">
.log { display: none;} 
.stack-trace { display: none;} 
</style>
<script type="text/javascript">
<!--
function flip(e) {
  current = e.style.display;
  if (current == 'block') {
    e.style.display = 'none';
    return 0;
  }
  else {
    e.style.display = 'block';
    return 1;
  }
}

function toggleBox(szDivId, elem, msg1, msg2)
{
  var res = -1;  if (document.getElementById) {
    res = flip(document.getElementById(szDivId));
  }
  else if (document.all) {
    // this is the way old msie versions work
    res = flip(document.all[szDivId]);
  }
  if(elem) {
    if(res == 0) elem.innerHTML = msg1; else elem.innerHTML = msg2;
  }

}

function toggleAllBoxes() {
  if (document.getElementsByTagName) {
    d = document.getElementsByTagName('div');
    for (i = 0; i < d.length; i++) {
      if (d[i].className == 'log') {
        flip(d[i]);
      }
    }
  }
}

// -->
</script>

</head>
<body>
<h2 align='center'>Default test</h2><table border='1' align="center">
<tr>
<td>Tests passed/Failed/Skipped:</td><td>59/3/0</td>
</tr><tr>
<td>Started on:</td><td>Fri Jun 19 00:37:17 ICT 2020</td>
</tr>
<tr><td>Total time:</td><td>56 seconds (56035 ms)</td>
</tr><tr>
<td>Included groups:</td><td></td>
</tr><tr>
<td>Excluded groups:</td><td></td>
</tr>
</table><p/>
<small><i>(Hover the method name to see the test class name)</i></small><p/>
<table width='100%' border='1' class='invocation-failed'>
<tr><td colspan='4' align='center'><b>FAILED TESTS</b></td></tr>
<tr><td><b>Test method</b></td>
<td width="30%"><b>Exception</b></td>
<td width="10%"><b>Time (seconds)</b></td>
<td><b>Instance</b></td>
</tr>
<tr>
<td title='com.vn.VNDirect.RegisterTest.test36()'><b>test36</b><br>Test class: com.vn.VNDirect.RegisterTest<br>Test method: Email sai định dạng, bỏ trống họ tên và số đt và tên đăng nhập và mật khẩu, mật khẩu không trùng</td>
<td><div><pre>org.openqa.selenium.NoSuchElementException: no such element: Unable to locate element: {&quot;method&quot;:&quot;xpath&quot;,&quot;selector&quot;:&quot;/html/body/div[1]/div/div[2]/div/div/form/div[2]/div/div[4]/div[2]/div/div/span&quot;}
  (Session info: chrome=83.0.4103.106)
For documentation on this error, please visit: https://www.seleniumhq.org/exceptions/no_such_element.html
Build info: version: &apos;3.141.59&apos;, revision: &apos;e82be7d358&apos;, time: &apos;2018-11-14T08:17:03&apos;
System info: host: &apos;DESKTOP-1NR1TP6&apos;, ip: &apos;192.168.1.141&apos;, os.name: &apos;Windows 10&apos;, os.arch: &apos;amd64&apos;, os.version: &apos;10.0&apos;, java.version: &apos;1.8.0_231&apos;
Driver info: org.openqa.selenium.chrome.ChromeDriver
Capabilities {acceptInsecureCerts: false, browserName: chrome, browserVersion: 83.0.4103.106, chrome: {chromedriverVersion: 83.0.4103.39 (ccbf011cb2d2b..., userDataDir: C:\Users\Admin\AppData\Loca...}, goog:chromeOptions: {debuggerAddress: localhost:58594}, javascriptEnabled: true, networkConnectionEnabled: false, pageLoadStrategy: normal, platform: WINDOWS, platformName: WINDOWS, proxy: Proxy(), setWindowRect: true, strictFileInteractability: false, timeouts: {implicit: 0, pageLoad: 300000, script: 30000}, unhandledPromptBehavior: dismiss and notify, webauthn:virtualAuthenticators: true}
Session ID: 2d1ba351cf03b352865e7c952bb63f90
*** Element info: {Using=xpath, value=/html/body/div[1]/div/div[2]/div/div/form/div[2]/div/div[4]/div[2]/div/div/span}
	at sun.reflect.NativeConstructorAccessorImpl.newInstance0(Native Method)
	at sun.reflect.NativeConstructorAccessorImpl.newInstance(Unknown Source)
	at sun.reflect.DelegatingConstructorAccessorImpl.newInstance(Unknown Source)
	at java.lang.reflect.Constructor.newInstance(Unknown Source)
	at org.openqa.selenium.remote.http.W3CHttpResponseCodec.createException(W3CHttpResponseCodec.java:187)
	at org.openqa.selenium.remote.http.W3CHttpResponseCodec.decode(W3CHttpResponseCodec.java:122)
	at org.openqa.selenium.remote.http.W3CHttpResponseCodec.decode(W3CHttpResponseCodec.java:49)
	at org.openqa.selenium.remote.HttpCommandExecutor.execute(HttpCommandExecutor.java:158)
	at org.openqa.selenium.remote.service.DriverCommandExecutor.execute(DriverCommandExecutor.java:83)
	at org.openqa.selenium.remote.RemoteWebDriver.execute(RemoteWebDriver.java:552)
	at org.openqa.selenium.remote.RemoteWebDriver.findElement(RemoteWebDriver.java:323)
	at org.openqa.selenium.remote.RemoteWebDriver.findElementByXPath(RemoteWebDriver.java:428)
	at org.openqa.selenium.By$ByXPath.findElement(By.java:353)
	at org.openqa.selenium.remote.RemoteWebDriver.findElement(RemoteWebDriver.java:315)
	at com.vn.VNDirect.RegisterTest.test36(RegisterTest.java:854)
	at sun.reflect.NativeMethodAccessorImpl.invoke0(Native Method)
	at sun.reflect.NativeMethodAccessorImpl.invoke(Unknown Source)
	at sun.reflect.DelegatingMethodAccessorImpl.invoke(Unknown Source)
	at java.lang.reflect.Method.invoke(Unknown Source)
	at org.testng.internal.MethodInvocationHelper.invokeMethod(MethodInvocationHelper.java:134)
	at org.testng.internal.TestInvoker.invokeMethod(TestInvoker.java:597)
	at org.testng.internal.TestInvoker.invokeTestMethod(TestInvoker.java:173)
	at org.testng.internal.MethodRunner.runInSequence(MethodRunner.java:46)
	at org.testng.internal.TestInvoker$MethodInvocationAgent.invoke(TestInvoker.java:816)
	at org.testng.internal.TestInvoker.invokeTestMethods(TestInvoker.java:146)
	at org.testng.internal.TestMethodWorker.invokeTestMethods(TestMethodWorker.java:146)
	at org.testng.internal.TestMethodWorker.run(TestMethodWorker.java:128)
	at java.util.ArrayList.forEach(Unknown Source)
	at org.testng.TestRunner.privateRun(TestRunner.java:766)
	at org.testng.TestRunner.run(TestRunner.java:587)
	at org.testng.SuiteRunner.runTest(SuiteRunner.java:384)
	at org.testng.SuiteRunner.runSequentially(SuiteRunner.java:378)
	at org.testng.SuiteRunner.privateRun(SuiteRunner.java:337)
	at org.testng.SuiteRunner.run(SuiteRunner.java:286)
	at org.testng.SuiteRunnerWorker.runSuite(SuiteRunnerWorker.java:53)
	at org.testng.SuiteRunnerWorker.run(SuiteRunnerWorker.java:96)
	at org.testng.TestNG.runSuitesSequentially(TestNG.java:1187)
	at org.testng.TestNG.runSuitesLocally(TestNG.java:1109)
	at org.testng.TestNG.runSuites(TestNG.java:1039)
	at org.testng.TestNG.run(TestNG.java:1007)
	at org.testng.remote.AbstractRemoteTestNG.run(AbstractRemoteTestNG.java:115)
	at org.testng.remote.RemoteTestNG.initAndRun(RemoteTestNG.java:251)
	at org.testng.remote.RemoteTestNG.main(RemoteTestNG.java:77)
</pre></div><a href='#' onClick='toggleBox("stack-trace1872410525", this, "Click to show all stack frames", "Click to hide stack frames")'>Click to show all stack frames</a>
<div class='stack-trace' id='stack-trace1872410525'><pre>org.openqa.selenium.NoSuchElementException: no such element: Unable to locate element: {&quot;method&quot;:&quot;xpath&quot;,&quot;selector&quot;:&quot;/html/body/div[1]/div/div[2]/div/div/form/div[2]/div/div[4]/div[2]/div/div/span&quot;}
  (Session info: chrome=83.0.4103.106)
For documentation on this error, please visit: https://www.seleniumhq.org/exceptions/no_such_element.html
Build info: version: &apos;3.141.59&apos;, revision: &apos;e82be7d358&apos;, time: &apos;2018-11-14T08:17:03&apos;
System info: host: &apos;DESKTOP-1NR1TP6&apos;, ip: &apos;192.168.1.141&apos;, os.name: &apos;Windows 10&apos;, os.arch: &apos;amd64&apos;, os.version: &apos;10.0&apos;, java.version: &apos;1.8.0_231&apos;
Driver info: org.openqa.selenium.chrome.ChromeDriver
Capabilities {acceptInsecureCerts: false, browserName: chrome, browserVersion: 83.0.4103.106, chrome: {chromedriverVersion: 83.0.4103.39 (ccbf011cb2d2b..., userDataDir: C:\Users\Admin\AppData\Loca...}, goog:chromeOptions: {debuggerAddress: localhost:58594}, javascriptEnabled: true, networkConnectionEnabled: false, pageLoadStrategy: normal, platform: WINDOWS, platformName: WINDOWS, proxy: Proxy(), setWindowRect: true, strictFileInteractability: false, timeouts: {implicit: 0, pageLoad: 300000, script: 30000}, unhandledPromptBehavior: dismiss and notify, webauthn:virtualAuthenticators: true}
Session ID: 2d1ba351cf03b352865e7c952bb63f90
*** Element info: {Using=xpath, value=/html/body/div[1]/div/div[2]/div/div/form/div[2]/div/div[4]/div[2]/div/div/span}
	at sun.reflect.NativeConstructorAccessorImpl.newInstance0(Native Method)
	at sun.reflect.NativeConstructorAccessorImpl.newInstance(Unknown Source)
	at sun.reflect.DelegatingConstructorAccessorImpl.newInstance(Unknown Source)
	at java.lang.reflect.Constructor.newInstance(Unknown Source)
	at org.openqa.selenium.remote.http.W3CHttpResponseCodec.createException(W3CHttpResponseCodec.java:187)
	at org.openqa.selenium.remote.http.W3CHttpResponseCodec.decode(W3CHttpResponseCodec.java:122)
	at org.openqa.selenium.remote.http.W3CHttpResponseCodec.decode(W3CHttpResponseCodec.java:49)
	at org.openqa.selenium.remote.HttpCommandExecutor.execute(HttpCommandExecutor.java:158)
	at org.openqa.selenium.remote.service.DriverCommandExecutor.execute(DriverCommandExecutor.java:83)
	at org.openqa.selenium.remote.RemoteWebDriver.execute(RemoteWebDriver.java:552)
	at org.openqa.selenium.remote.RemoteWebDriver.findElement(RemoteWebDriver.java:323)
	at org.openqa.selenium.remote.RemoteWebDriver.findElementByXPath(RemoteWebDriver.java:428)
	at org.openqa.selenium.By$ByXPath.findElement(By.java:353)
	at org.openqa.selenium.remote.RemoteWebDriver.findElement(RemoteWebDriver.java:315)
	at com.vn.VNDirect.RegisterTest.test36(RegisterTest.java:854)
	at sun.reflect.NativeMethodAccessorImpl.invoke0(Native Method)
	at sun.reflect.NativeMethodAccessorImpl.invoke(Unknown Source)
	at sun.reflect.DelegatingMethodAccessorImpl.invoke(Unknown Source)
	at java.lang.reflect.Method.invoke(Unknown Source)
	at org.testng.internal.MethodInvocationHelper.invokeMethod(MethodInvocationHelper.java:134)
	at org.testng.internal.TestInvoker.invokeMethod(TestInvoker.java:597)
	at org.testng.internal.TestInvoker.invokeTestMethod(TestInvoker.java:173)
	at org.testng.internal.MethodRunner.runInSequence(MethodRunner.java:46)
	at org.testng.internal.TestInvoker$MethodInvocationAgent.invoke(TestInvoker.java:816)
	at org.testng.internal.TestInvoker.invokeTestMethods(TestInvoker.java:146)
	at org.testng.internal.TestMethodWorker.invokeTestMethods(TestMethodWorker.java:146)
	at org.testng.internal.TestMethodWorker.run(TestMethodWorker.java:128)
	at java.util.ArrayList.forEach(Unknown Source)
	at org.testng.TestRunner.privateRun(TestRunner.java:766)
	at org.testng.TestRunner.run(TestRunner.java:587)
	at org.testng.SuiteRunner.runTest(SuiteRunner.java:384)
	at org.testng.SuiteRunner.runSequentially(SuiteRunner.java:378)
	at org.testng.SuiteRunner.privateRun(SuiteRunner.java:337)
	at org.testng.SuiteRunner.run(SuiteRunner.java:286)
	at org.testng.SuiteRunnerWorker.runSuite(SuiteRunnerWorker.java:53)
	at org.testng.SuiteRunnerWorker.run(SuiteRunnerWorker.java:96)
	at org.testng.TestNG.runSuitesSequentially(TestNG.java:1187)
	at org.testng.TestNG.runSuitesLocally(TestNG.java:1109)
	at org.testng.TestNG.runSuites(TestNG.java:1039)
	at org.testng.TestNG.run(TestNG.java:1007)
	at org.testng.remote.AbstractRemoteTestNG.run(AbstractRemoteTestNG.java:115)
	at org.testng.remote.RemoteTestNG.initAndRun(RemoteTestNG.java:251)
	at org.testng.remote.RemoteTestNG.main(RemoteTestNG.java:77)
</pre></div></td>
<td>0</td>
<td>com.vn.VNDirect.RegisterTest@35d176f7</td></tr>
<tr>
<td title='com.vn.VNDirect.RegisterTest.test51()'><b>test51</b><br>Test class: com.vn.VNDirect.RegisterTest<br>Test method: Email 11 ký tự</td>
<td><div><pre>org.openqa.selenium.NoSuchElementException: no such element: Unable to locate element: {&quot;method&quot;:&quot;xpath&quot;,&quot;selector&quot;:&quot;/html/body/div[1]/div/div[2]/div/div/form/div[2]/div/div[2]/div/div/div/span&quot;}
  (Session info: chrome=83.0.4103.106)
For documentation on this error, please visit: https://www.seleniumhq.org/exceptions/no_such_element.html
Build info: version: &apos;3.141.59&apos;, revision: &apos;e82be7d358&apos;, time: &apos;2018-11-14T08:17:03&apos;
System info: host: &apos;DESKTOP-1NR1TP6&apos;, ip: &apos;192.168.1.141&apos;, os.name: &apos;Windows 10&apos;, os.arch: &apos;amd64&apos;, os.version: &apos;10.0&apos;, java.version: &apos;1.8.0_231&apos;
Driver info: org.openqa.selenium.chrome.ChromeDriver
Capabilities {acceptInsecureCerts: false, browserName: chrome, browserVersion: 83.0.4103.106, chrome: {chromedriverVersion: 83.0.4103.39 (ccbf011cb2d2b..., userDataDir: C:\Users\Admin\AppData\Loca...}, goog:chromeOptions: {debuggerAddress: localhost:58594}, javascriptEnabled: true, networkConnectionEnabled: false, pageLoadStrategy: normal, platform: WINDOWS, platformName: WINDOWS, proxy: Proxy(), setWindowRect: true, strictFileInteractability: false, timeouts: {implicit: 0, pageLoad: 300000, script: 30000}, unhandledPromptBehavior: dismiss and notify, webauthn:virtualAuthenticators: true}
Session ID: 2d1ba351cf03b352865e7c952bb63f90
*** Element info: {Using=xpath, value=/html/body/div[1]/div/div[2]/div/div/form/div[2]/div/div[2]/div/div/div/span}
	at sun.reflect.NativeConstructorAccessorImpl.newInstance0(Native Method)
	at sun.reflect.NativeConstructorAccessorImpl.newInstance(Unknown Source)
	at sun.reflect.DelegatingConstructorAccessorImpl.newInstance(Unknown Source)
	at java.lang.reflect.Constructor.newInstance(Unknown Source)
	at org.openqa.selenium.remote.http.W3CHttpResponseCodec.createException(W3CHttpResponseCodec.java:187)
	at org.openqa.selenium.remote.http.W3CHttpResponseCodec.decode(W3CHttpResponseCodec.java:122)
	at org.openqa.selenium.remote.http.W3CHttpResponseCodec.decode(W3CHttpResponseCodec.java:49)
	at org.openqa.selenium.remote.HttpCommandExecutor.execute(HttpCommandExecutor.java:158)
	at org.openqa.selenium.remote.service.DriverCommandExecutor.execute(DriverCommandExecutor.java:83)
	at org.openqa.selenium.remote.RemoteWebDriver.execute(RemoteWebDriver.java:552)
	at org.openqa.selenium.remote.RemoteWebDriver.findElement(RemoteWebDriver.java:323)
	at org.openqa.selenium.remote.RemoteWebDriver.findElementByXPath(RemoteWebDriver.java:428)
	at org.openqa.selenium.By$ByXPath.findElement(By.java:353)
	at org.openqa.selenium.remote.RemoteWebDriver.findElement(RemoteWebDriver.java:315)
	at com.vn.VNDirect.RegisterTest.test51(RegisterTest.java:1207)
	at sun.reflect.NativeMethodAccessorImpl.invoke0(Native Method)
	at sun.reflect.NativeMethodAccessorImpl.invoke(Unknown Source)
	at sun.reflect.DelegatingMethodAccessorImpl.invoke(Unknown Source)
	at java.lang.reflect.Method.invoke(Unknown Source)
	at org.testng.internal.MethodInvocationHelper.invokeMethod(MethodInvocationHelper.java:134)
	at org.testng.internal.TestInvoker.invokeMethod(TestInvoker.java:597)
	at org.testng.internal.TestInvoker.invokeTestMethod(TestInvoker.java:173)
	at org.testng.internal.MethodRunner.runInSequence(MethodRunner.java:46)
	at org.testng.internal.TestInvoker$MethodInvocationAgent.invoke(TestInvoker.java:816)
	at org.testng.internal.TestInvoker.invokeTestMethods(TestInvoker.java:146)
	at org.testng.internal.TestMethodWorker.invokeTestMethods(TestMethodWorker.java:146)
	at org.testng.internal.TestMethodWorker.run(TestMethodWorker.java:128)
	at java.util.ArrayList.forEach(Unknown Source)
	at org.testng.TestRunner.privateRun(TestRunner.java:766)
	at org.testng.TestRunner.run(TestRunner.java:587)
	at org.testng.SuiteRunner.runTest(SuiteRunner.java:384)
	at org.testng.SuiteRunner.runSequentially(SuiteRunner.java:378)
	at org.testng.SuiteRunner.privateRun(SuiteRunner.java:337)
	at org.testng.SuiteRunner.run(SuiteRunner.java:286)
	at org.testng.SuiteRunnerWorker.runSuite(SuiteRunnerWorker.java:53)
	at org.testng.SuiteRunnerWorker.run(SuiteRunnerWorker.java:96)
	at org.testng.TestNG.runSuitesSequentially(TestNG.java:1187)
	at org.testng.TestNG.runSuitesLocally(TestNG.java:1109)
	at org.testng.TestNG.runSuites(TestNG.java:1039)
	at org.testng.TestNG.run(TestNG.java:1007)
	at org.testng.remote.AbstractRemoteTestNG.run(AbstractRemoteTestNG.java:115)
	at org.testng.remote.RemoteTestNG.initAndRun(RemoteTestNG.java:251)
	at org.testng.remote.RemoteTestNG.main(RemoteTestNG.java:77)
</pre></div><a href='#' onClick='toggleBox("stack-trace1319921115", this, "Click to show all stack frames", "Click to hide stack frames")'>Click to show all stack frames</a>
<div class='stack-trace' id='stack-trace1319921115'><pre>org.openqa.selenium.NoSuchElementException: no such element: Unable to locate element: {&quot;method&quot;:&quot;xpath&quot;,&quot;selector&quot;:&quot;/html/body/div[1]/div/div[2]/div/div/form/div[2]/div/div[2]/div/div/div/span&quot;}
  (Session info: chrome=83.0.4103.106)
For documentation on this error, please visit: https://www.seleniumhq.org/exceptions/no_such_element.html
Build info: version: &apos;3.141.59&apos;, revision: &apos;e82be7d358&apos;, time: &apos;2018-11-14T08:17:03&apos;
System info: host: &apos;DESKTOP-1NR1TP6&apos;, ip: &apos;192.168.1.141&apos;, os.name: &apos;Windows 10&apos;, os.arch: &apos;amd64&apos;, os.version: &apos;10.0&apos;, java.version: &apos;1.8.0_231&apos;
Driver info: org.openqa.selenium.chrome.ChromeDriver
Capabilities {acceptInsecureCerts: false, browserName: chrome, browserVersion: 83.0.4103.106, chrome: {chromedriverVersion: 83.0.4103.39 (ccbf011cb2d2b..., userDataDir: C:\Users\Admin\AppData\Loca...}, goog:chromeOptions: {debuggerAddress: localhost:58594}, javascriptEnabled: true, networkConnectionEnabled: false, pageLoadStrategy: normal, platform: WINDOWS, platformName: WINDOWS, proxy: Proxy(), setWindowRect: true, strictFileInteractability: false, timeouts: {implicit: 0, pageLoad: 300000, script: 30000}, unhandledPromptBehavior: dismiss and notify, webauthn:virtualAuthenticators: true}
Session ID: 2d1ba351cf03b352865e7c952bb63f90
*** Element info: {Using=xpath, value=/html/body/div[1]/div/div[2]/div/div/form/div[2]/div/div[2]/div/div/div/span}
	at sun.reflect.NativeConstructorAccessorImpl.newInstance0(Native Method)
	at sun.reflect.NativeConstructorAccessorImpl.newInstance(Unknown Source)
	at sun.reflect.DelegatingConstructorAccessorImpl.newInstance(Unknown Source)
	at java.lang.reflect.Constructor.newInstance(Unknown Source)
	at org.openqa.selenium.remote.http.W3CHttpResponseCodec.createException(W3CHttpResponseCodec.java:187)
	at org.openqa.selenium.remote.http.W3CHttpResponseCodec.decode(W3CHttpResponseCodec.java:122)
	at org.openqa.selenium.remote.http.W3CHttpResponseCodec.decode(W3CHttpResponseCodec.java:49)
	at org.openqa.selenium.remote.HttpCommandExecutor.execute(HttpCommandExecutor.java:158)
	at org.openqa.selenium.remote.service.DriverCommandExecutor.execute(DriverCommandExecutor.java:83)
	at org.openqa.selenium.remote.RemoteWebDriver.execute(RemoteWebDriver.java:552)
	at org.openqa.selenium.remote.RemoteWebDriver.findElement(RemoteWebDriver.java:323)
	at org.openqa.selenium.remote.RemoteWebDriver.findElementByXPath(RemoteWebDriver.java:428)
	at org.openqa.selenium.By$ByXPath.findElement(By.java:353)
	at org.openqa.selenium.remote.RemoteWebDriver.findElement(RemoteWebDriver.java:315)
	at com.vn.VNDirect.RegisterTest.test51(RegisterTest.java:1207)
	at sun.reflect.NativeMethodAccessorImpl.invoke0(Native Method)
	at sun.reflect.NativeMethodAccessorImpl.invoke(Unknown Source)
	at sun.reflect.DelegatingMethodAccessorImpl.invoke(Unknown Source)
	at java.lang.reflect.Method.invoke(Unknown Source)
	at org.testng.internal.MethodInvocationHelper.invokeMethod(MethodInvocationHelper.java:134)
	at org.testng.internal.TestInvoker.invokeMethod(TestInvoker.java:597)
	at org.testng.internal.TestInvoker.invokeTestMethod(TestInvoker.java:173)
	at org.testng.internal.MethodRunner.runInSequence(MethodRunner.java:46)
	at org.testng.internal.TestInvoker$MethodInvocationAgent.invoke(TestInvoker.java:816)
	at org.testng.internal.TestInvoker.invokeTestMethods(TestInvoker.java:146)
	at org.testng.internal.TestMethodWorker.invokeTestMethods(TestMethodWorker.java:146)
	at org.testng.internal.TestMethodWorker.run(TestMethodWorker.java:128)
	at java.util.ArrayList.forEach(Unknown Source)
	at org.testng.TestRunner.privateRun(TestRunner.java:766)
	at org.testng.TestRunner.run(TestRunner.java:587)
	at org.testng.SuiteRunner.runTest(SuiteRunner.java:384)
	at org.testng.SuiteRunner.runSequentially(SuiteRunner.java:378)
	at org.testng.SuiteRunner.privateRun(SuiteRunner.java:337)
	at org.testng.SuiteRunner.run(SuiteRunner.java:286)
	at org.testng.SuiteRunnerWorker.runSuite(SuiteRunnerWorker.java:53)
	at org.testng.SuiteRunnerWorker.run(SuiteRunnerWorker.java:96)
	at org.testng.TestNG.runSuitesSequentially(TestNG.java:1187)
	at org.testng.TestNG.runSuitesLocally(TestNG.java:1109)
	at org.testng.TestNG.runSuites(TestNG.java:1039)
	at org.testng.TestNG.run(TestNG.java:1007)
	at org.testng.remote.AbstractRemoteTestNG.run(AbstractRemoteTestNG.java:115)
	at org.testng.remote.RemoteTestNG.initAndRun(RemoteTestNG.java:251)
	at org.testng.remote.RemoteTestNG.main(RemoteTestNG.java:77)
</pre></div></td>
<td>0</td>
<td>com.vn.VNDirect.RegisterTest@35d176f7</td></tr>
<tr>
<td title='com.vn.VNDirect.RegisterTest.test52()'><b>test52</b><br>Test class: com.vn.VNDirect.RegisterTest<br>Test method: Email 51 ký tự</td>
<td><div><pre>org.openqa.selenium.NoSuchElementException: no such element: Unable to locate element: {&quot;method&quot;:&quot;xpath&quot;,&quot;selector&quot;:&quot;/html/body/div[1]/div/div[2]/div/div/form/div[2]/div/div[2]/div/div/div/span&quot;}
  (Session info: chrome=83.0.4103.106)
For documentation on this error, please visit: https://www.seleniumhq.org/exceptions/no_such_element.html
Build info: version: &apos;3.141.59&apos;, revision: &apos;e82be7d358&apos;, time: &apos;2018-11-14T08:17:03&apos;
System info: host: &apos;DESKTOP-1NR1TP6&apos;, ip: &apos;192.168.1.141&apos;, os.name: &apos;Windows 10&apos;, os.arch: &apos;amd64&apos;, os.version: &apos;10.0&apos;, java.version: &apos;1.8.0_231&apos;
Driver info: org.openqa.selenium.chrome.ChromeDriver
Capabilities {acceptInsecureCerts: false, browserName: chrome, browserVersion: 83.0.4103.106, chrome: {chromedriverVersion: 83.0.4103.39 (ccbf011cb2d2b..., userDataDir: C:\Users\Admin\AppData\Loca...}, goog:chromeOptions: {debuggerAddress: localhost:58594}, javascriptEnabled: true, networkConnectionEnabled: false, pageLoadStrategy: normal, platform: WINDOWS, platformName: WINDOWS, proxy: Proxy(), setWindowRect: true, strictFileInteractability: false, timeouts: {implicit: 0, pageLoad: 300000, script: 30000}, unhandledPromptBehavior: dismiss and notify, webauthn:virtualAuthenticators: true}
Session ID: 2d1ba351cf03b352865e7c952bb63f90
*** Element info: {Using=xpath, value=/html/body/div[1]/div/div[2]/div/div/form/div[2]/div/div[2]/div/div/div/span}
	at sun.reflect.NativeConstructorAccessorImpl.newInstance0(Native Method)
	at sun.reflect.NativeConstructorAccessorImpl.newInstance(Unknown Source)
	at sun.reflect.DelegatingConstructorAccessorImpl.newInstance(Unknown Source)
	at java.lang.reflect.Constructor.newInstance(Unknown Source)
	at org.openqa.selenium.remote.http.W3CHttpResponseCodec.createException(W3CHttpResponseCodec.java:187)
	at org.openqa.selenium.remote.http.W3CHttpResponseCodec.decode(W3CHttpResponseCodec.java:122)
	at org.openqa.selenium.remote.http.W3CHttpResponseCodec.decode(W3CHttpResponseCodec.java:49)
	at org.openqa.selenium.remote.HttpCommandExecutor.execute(HttpCommandExecutor.java:158)
	at org.openqa.selenium.remote.service.DriverCommandExecutor.execute(DriverCommandExecutor.java:83)
	at org.openqa.selenium.remote.RemoteWebDriver.execute(RemoteWebDriver.java:552)
	at org.openqa.selenium.remote.RemoteWebDriver.findElement(RemoteWebDriver.java:323)
	at org.openqa.selenium.remote.RemoteWebDriver.findElementByXPath(RemoteWebDriver.java:428)
	at org.openqa.selenium.By$ByXPath.findElement(By.java:353)
	at org.openqa.selenium.remote.RemoteWebDriver.findElement(RemoteWebDriver.java:315)
	at com.vn.VNDirect.RegisterTest.test52(RegisterTest.java:1229)
	at sun.reflect.NativeMethodAccessorImpl.invoke0(Native Method)
	at sun.reflect.NativeMethodAccessorImpl.invoke(Unknown Source)
	at sun.reflect.DelegatingMethodAccessorImpl.invoke(Unknown Source)
	at java.lang.reflect.Method.invoke(Unknown Source)
	at org.testng.internal.MethodInvocationHelper.invokeMethod(MethodInvocationHelper.java:134)
	at org.testng.internal.TestInvoker.invokeMethod(TestInvoker.java:597)
	at org.testng.internal.TestInvoker.invokeTestMethod(TestInvoker.java:173)
	at org.testng.internal.MethodRunner.runInSequence(MethodRunner.java:46)
	at org.testng.internal.TestInvoker$MethodInvocationAgent.invoke(TestInvoker.java:816)
	at org.testng.internal.TestInvoker.invokeTestMethods(TestInvoker.java:146)
	at org.testng.internal.TestMethodWorker.invokeTestMethods(TestMethodWorker.java:146)
	at org.testng.internal.TestMethodWorker.run(TestMethodWorker.java:128)
	at java.util.ArrayList.forEach(Unknown Source)
	at org.testng.TestRunner.privateRun(TestRunner.java:766)
	at org.testng.TestRunner.run(TestRunner.java:587)
	at org.testng.SuiteRunner.runTest(SuiteRunner.java:384)
	at org.testng.SuiteRunner.runSequentially(SuiteRunner.java:378)
	at org.testng.SuiteRunner.privateRun(SuiteRunner.java:337)
	at org.testng.SuiteRunner.run(SuiteRunner.java:286)
	at org.testng.SuiteRunnerWorker.runSuite(SuiteRunnerWorker.java:53)
	at org.testng.SuiteRunnerWorker.run(SuiteRunnerWorker.java:96)
	at org.testng.TestNG.runSuitesSequentially(TestNG.java:1187)
	at org.testng.TestNG.runSuitesLocally(TestNG.java:1109)
	at org.testng.TestNG.runSuites(TestNG.java:1039)
	at org.testng.TestNG.run(TestNG.java:1007)
	at org.testng.remote.AbstractRemoteTestNG.run(AbstractRemoteTestNG.java:115)
	at org.testng.remote.RemoteTestNG.initAndRun(RemoteTestNG.java:251)
	at org.testng.remote.RemoteTestNG.main(RemoteTestNG.java:77)
</pre></div><a href='#' onClick='toggleBox("stack-trace1170475172", this, "Click to show all stack frames", "Click to hide stack frames")'>Click to show all stack frames</a>
<div class='stack-trace' id='stack-trace1170475172'><pre>org.openqa.selenium.NoSuchElementException: no such element: Unable to locate element: {&quot;method&quot;:&quot;xpath&quot;,&quot;selector&quot;:&quot;/html/body/div[1]/div/div[2]/div/div/form/div[2]/div/div[2]/div/div/div/span&quot;}
  (Session info: chrome=83.0.4103.106)
For documentation on this error, please visit: https://www.seleniumhq.org/exceptions/no_such_element.html
Build info: version: &apos;3.141.59&apos;, revision: &apos;e82be7d358&apos;, time: &apos;2018-11-14T08:17:03&apos;
System info: host: &apos;DESKTOP-1NR1TP6&apos;, ip: &apos;192.168.1.141&apos;, os.name: &apos;Windows 10&apos;, os.arch: &apos;amd64&apos;, os.version: &apos;10.0&apos;, java.version: &apos;1.8.0_231&apos;
Driver info: org.openqa.selenium.chrome.ChromeDriver
Capabilities {acceptInsecureCerts: false, browserName: chrome, browserVersion: 83.0.4103.106, chrome: {chromedriverVersion: 83.0.4103.39 (ccbf011cb2d2b..., userDataDir: C:\Users\Admin\AppData\Loca...}, goog:chromeOptions: {debuggerAddress: localhost:58594}, javascriptEnabled: true, networkConnectionEnabled: false, pageLoadStrategy: normal, platform: WINDOWS, platformName: WINDOWS, proxy: Proxy(), setWindowRect: true, strictFileInteractability: false, timeouts: {implicit: 0, pageLoad: 300000, script: 30000}, unhandledPromptBehavior: dismiss and notify, webauthn:virtualAuthenticators: true}
Session ID: 2d1ba351cf03b352865e7c952bb63f90
*** Element info: {Using=xpath, value=/html/body/div[1]/div/div[2]/div/div/form/div[2]/div/div[2]/div/div/div/span}
	at sun.reflect.NativeConstructorAccessorImpl.newInstance0(Native Method)
	at sun.reflect.NativeConstructorAccessorImpl.newInstance(Unknown Source)
	at sun.reflect.DelegatingConstructorAccessorImpl.newInstance(Unknown Source)
	at java.lang.reflect.Constructor.newInstance(Unknown Source)
	at org.openqa.selenium.remote.http.W3CHttpResponseCodec.createException(W3CHttpResponseCodec.java:187)
	at org.openqa.selenium.remote.http.W3CHttpResponseCodec.decode(W3CHttpResponseCodec.java:122)
	at org.openqa.selenium.remote.http.W3CHttpResponseCodec.decode(W3CHttpResponseCodec.java:49)
	at org.openqa.selenium.remote.HttpCommandExecutor.execute(HttpCommandExecutor.java:158)
	at org.openqa.selenium.remote.service.DriverCommandExecutor.execute(DriverCommandExecutor.java:83)
	at org.openqa.selenium.remote.RemoteWebDriver.execute(RemoteWebDriver.java:552)
	at org.openqa.selenium.remote.RemoteWebDriver.findElement(RemoteWebDriver.java:323)
	at org.openqa.selenium.remote.RemoteWebDriver.findElementByXPath(RemoteWebDriver.java:428)
	at org.openqa.selenium.By$ByXPath.findElement(By.java:353)
	at org.openqa.selenium.remote.RemoteWebDriver.findElement(RemoteWebDriver.java:315)
	at com.vn.VNDirect.RegisterTest.test52(RegisterTest.java:1229)
	at sun.reflect.NativeMethodAccessorImpl.invoke0(Native Method)
	at sun.reflect.NativeMethodAccessorImpl.invoke(Unknown Source)
	at sun.reflect.DelegatingMethodAccessorImpl.invoke(Unknown Source)
	at java.lang.reflect.Method.invoke(Unknown Source)
	at org.testng.internal.MethodInvocationHelper.invokeMethod(MethodInvocationHelper.java:134)
	at org.testng.internal.TestInvoker.invokeMethod(TestInvoker.java:597)
	at org.testng.internal.TestInvoker.invokeTestMethod(TestInvoker.java:173)
	at org.testng.internal.MethodRunner.runInSequence(MethodRunner.java:46)
	at org.testng.internal.TestInvoker$MethodInvocationAgent.invoke(TestInvoker.java:816)
	at org.testng.internal.TestInvoker.invokeTestMethods(TestInvoker.java:146)
	at org.testng.internal.TestMethodWorker.invokeTestMethods(TestMethodWorker.java:146)
	at org.testng.internal.TestMethodWorker.run(TestMethodWorker.java:128)
	at java.util.ArrayList.forEach(Unknown Source)
	at org.testng.TestRunner.privateRun(TestRunner.java:766)
	at org.testng.TestRunner.run(TestRunner.java:587)
	at org.testng.SuiteRunner.runTest(SuiteRunner.java:384)
	at org.testng.SuiteRunner.runSequentially(SuiteRunner.java:378)
	at org.testng.SuiteRunner.privateRun(SuiteRunner.java:337)
	at org.testng.SuiteRunner.run(SuiteRunner.java:286)
	at org.testng.SuiteRunnerWorker.runSuite(SuiteRunnerWorker.java:53)
	at org.testng.SuiteRunnerWorker.run(SuiteRunnerWorker.java:96)
	at org.testng.TestNG.runSuitesSequentially(TestNG.java:1187)
	at org.testng.TestNG.runSuitesLocally(TestNG.java:1109)
	at org.testng.TestNG.runSuites(TestNG.java:1039)
	at org.testng.TestNG.run(TestNG.java:1007)
	at org.testng.remote.AbstractRemoteTestNG.run(AbstractRemoteTestNG.java:115)
	at org.testng.remote.RemoteTestNG.initAndRun(RemoteTestNG.java:251)
	at org.testng.remote.RemoteTestNG.main(RemoteTestNG.java:77)
</pre></div></td>
<td>0</td>
<td>com.vn.VNDirect.RegisterTest@35d176f7</td></tr>
</table><p>
<table width='100%' border='1' class='invocation-passed'>
<tr><td colspan='4' align='center'><b>PASSED TESTS</b></td></tr>
<tr><td><b>Test method</b></td>
<td width="30%"><b>Exception</b></td>
<td width="10%"><b>Time (seconds)</b></td>
<td><b>Instance</b></td>
</tr>
<tr>
<td title='com.vn.VNDirect.RegisterTest.test02()'><b>test02</b><br>Test class: com.vn.VNDirect.RegisterTest<br>Test method: Bỏ trống họ và tên</td>
<td></td>
<td>0</td>
<td>com.vn.VNDirect.RegisterTest@35d176f7</td></tr>
<tr>
<td title='com.vn.VNDirect.RegisterTest.test03()'><b>test03</b><br>Test class: com.vn.VNDirect.RegisterTest<br>Test method: Bỏ trống họ và tên, số điện thoại</td>
<td></td>
<td>0</td>
<td>com.vn.VNDirect.RegisterTest@35d176f7</td></tr>
<tr>
<td title='com.vn.VNDirect.RegisterTest.test04()'><b>test04</b><br>Test class: com.vn.VNDirect.RegisterTest<br>Test method: Bỏ trống họ và tên, số điện thoại, email</td>
<td></td>
<td>0</td>
<td>com.vn.VNDirect.RegisterTest@35d176f7</td></tr>
<tr>
<td title='com.vn.VNDirect.RegisterTest.test05()'><b>test05</b><br>Test class: com.vn.VNDirect.RegisterTest<br>Test method: Bỏ trống họ và tên, số điện thoại, email, tên đăng nhập</td>
<td></td>
<td>0</td>
<td>com.vn.VNDirect.RegisterTest@35d176f7</td></tr>
<tr>
<td title='com.vn.VNDirect.RegisterTest.test06()'><b>test06</b><br>Test class: com.vn.VNDirect.RegisterTest<br>Test method: Bỏ trống họ và tên, số điện thoại, email, tên đăng nhập, mật khẩu</td>
<td></td>
<td>0</td>
<td>com.vn.VNDirect.RegisterTest@35d176f7</td></tr>
<tr>
<td title='com.vn.VNDirect.RegisterTest.test07()'><b>test07</b><br>Test class: com.vn.VNDirect.RegisterTest<br>Test method: Bỏ trống họ và tên, số điện thoại, email, tên đăng nhập, mật khẩu, xác nhận mật khẩu</td>
<td></td>
<td>0</td>
<td>com.vn.VNDirect.RegisterTest@35d176f7</td></tr>
<tr>
<td title='com.vn.VNDirect.RegisterTest.test08()'><b>test08</b><br>Test class: com.vn.VNDirect.RegisterTest<br>Test method: Bỏ trống điện thoại,email, tên đăng nhập, mật khẩu, xác nhận mật khẩu</td>
<td></td>
<td>0</td>
<td>com.vn.VNDirect.RegisterTest@35d176f7</td></tr>
<tr>
<td title='com.vn.VNDirect.RegisterTest.test09()'><b>test09</b><br>Test class: com.vn.VNDirect.RegisterTest<br>Test method: Bỏ trống email, tên đăng nhập, mật khẩu, xác nhận mật khẩu</td>
<td></td>
<td>0</td>
<td>com.vn.VNDirect.RegisterTest@35d176f7</td></tr>
<tr>
<td title='com.vn.VNDirect.RegisterTest.test10()'><b>test10</b><br>Test class: com.vn.VNDirect.RegisterTest<br>Test method: Bỏ trống tên đăng nhập, mật khẩu, xác nhận mật khẩu</td>
<td></td>
<td>0</td>
<td>com.vn.VNDirect.RegisterTest@35d176f7</td></tr>
<tr>
<td title='com.vn.VNDirect.RegisterTest.test11()'><b>test11</b><br>Test class: com.vn.VNDirect.RegisterTest<br>Test method: Bỏ trống mật khẩu, xác nhận mật khẩu</td>
<td></td>
<td>0</td>
<td>com.vn.VNDirect.RegisterTest@35d176f7</td></tr>
<tr>
<td title='com.vn.VNDirect.RegisterTest.test12()'><b>test12</b><br>Test class: com.vn.VNDirect.RegisterTest<br>Test method: Bỏ trống  xác nhận mật khẩu</td>
<td></td>
<td>0</td>
<td>com.vn.VNDirect.RegisterTest@35d176f7</td></tr>
<tr>
<td title='com.vn.VNDirect.RegisterTest.test13()'><b>test13</b><br>Test class: com.vn.VNDirect.RegisterTest<br>Test method: Mật khẩu không trùng nhau</td>
<td></td>
<td>0</td>
<td>com.vn.VNDirect.RegisterTest@35d176f7</td></tr>
<tr>
<td title='com.vn.VNDirect.RegisterTest.test14()'><b>test14</b><br>Test class: com.vn.VNDirect.RegisterTest<br>Test method: Mật khẩu phải có tối thiểu 8 ký tự và tối đa 32 ký tự(quá 32), Xác nhận mật khẩu trống</td>
<td></td>
<td>1</td>
<td>com.vn.VNDirect.RegisterTest@35d176f7</td></tr>
<tr>
<td title='com.vn.VNDirect.RegisterTest.test15()'><b>test15</b><br>Test class: com.vn.VNDirect.RegisterTest<br>Test method: Mật khẩu phải có tối thiểu 8 ký tự và tối đa 32 ký tự(quá 32), Mật khẩu không trùng nhau</td>
<td></td>
<td>1</td>
<td>com.vn.VNDirect.RegisterTest@35d176f7</td></tr>
<tr>
<td title='com.vn.VNDirect.RegisterTest.test16()'><b>test16</b><br>Test class: com.vn.VNDirect.RegisterTest<br>Test method: Mật khẩu phải có tối thiểu 8 ký tự và tối đa 32 ký tự(nhỏ hơn 8), Xác nhận mật khẩu trống</td>
<td></td>
<td>0</td>
<td>com.vn.VNDirect.RegisterTest@35d176f7</td></tr>
<tr>
<td title='com.vn.VNDirect.RegisterTest.test17()'><b>test17</b><br>Test class: com.vn.VNDirect.RegisterTest<br>Test method: Mật khẩu phải có tối thiểu 8 ký tự và tối đa 32 ký tự(nhỏ hơn 8), Mật khẩu không trùng nhau</td>
<td></td>
<td>0</td>
<td>com.vn.VNDirect.RegisterTest@35d176f7</td></tr>
<tr>
<td title='com.vn.VNDirect.RegisterTest.test18()'><b>test18</b><br>Test class: com.vn.VNDirect.RegisterTest<br>Test method: Sai định dạng sđt(9 số)</td>
<td></td>
<td>0</td>
<td>com.vn.VNDirect.RegisterTest@35d176f7</td></tr>
<tr>
<td title='com.vn.VNDirect.RegisterTest.test20()'><b>test20</b><br>Test class: com.vn.VNDirect.RegisterTest<br>Test method: Sai định dạng sđt(9 số), để trống họ và tên</td>
<td></td>
<td>0</td>
<td>com.vn.VNDirect.RegisterTest@35d176f7</td></tr>
<tr>
<td title='com.vn.VNDirect.RegisterTest.test22()'><b>test22</b><br>Test class: com.vn.VNDirect.RegisterTest<br>Test method: Sai định dạng sđt(9 số), để trống họ và tên và tên đăng nhập</td>
<td></td>
<td>0</td>
<td>com.vn.VNDirect.RegisterTest@35d176f7</td></tr>
<tr>
<td title='com.vn.VNDirect.RegisterTest.test24()'><b>test24</b><br>Test class: com.vn.VNDirect.RegisterTest<br>Test method: Sai định dạng sđt(9 số), để trống họ và tên và tên đăng nhập và email</td>
<td></td>
<td>0</td>
<td>com.vn.VNDirect.RegisterTest@35d176f7</td></tr>
<tr>
<td title='com.vn.VNDirect.RegisterTest.test27()'><b>test27</b><br>Test class: com.vn.VNDirect.RegisterTest<br>Test method: Sai định dạng sđt(9 số), để trống họ và tên và tên đăng nhập và email và mật khẩu</td>
<td></td>
<td>0</td>
<td>com.vn.VNDirect.RegisterTest@35d176f7</td></tr>
<tr>
<td title='com.vn.VNDirect.RegisterTest.test29()'><b>test29</b><br>Test class: com.vn.VNDirect.RegisterTest<br>Test method: Sai định dạng sđt(9 số), để trống họ và tên và tên đăng nhập và email và mật khẩu và xác nhận mật khẩu</td>
<td></td>
<td>0</td>
<td>com.vn.VNDirect.RegisterTest@35d176f7</td></tr>
<tr>
<td title='com.vn.VNDirect.RegisterTest.test31()'><b>test31</b><br>Test class: com.vn.VNDirect.RegisterTest<br>Test method: Sai định dạng sđt(9 số), để trống họ và tên và tên đăng nhập và email, Mật khẩu không khớp</td>
<td></td>
<td>0</td>
<td>com.vn.VNDirect.RegisterTest@35d176f7</td></tr>
<tr>
<td title='com.vn.VNDirect.RegisterTest.test32()'><b>test32</b><br>Test class: com.vn.VNDirect.RegisterTest<br>Test method: Email sai định dạng</td>
<td></td>
<td>0</td>
<td>com.vn.VNDirect.RegisterTest@35d176f7</td></tr>
<tr>
<td title='com.vn.VNDirect.RegisterTest.test33()'><b>test33</b><br>Test class: com.vn.VNDirect.RegisterTest<br>Test method: Email sai định dạng, bỏ trống họ tên</td>
<td></td>
<td>0</td>
<td>com.vn.VNDirect.RegisterTest@35d176f7</td></tr>
<tr>
<td title='com.vn.VNDirect.RegisterTest.test34()'><b>test34</b><br>Test class: com.vn.VNDirect.RegisterTest<br>Test method: Email sai định dạng, bỏ trống họ tên và số đt</td>
<td></td>
<td>0</td>
<td>com.vn.VNDirect.RegisterTest@35d176f7</td></tr>
<tr>
<td title='com.vn.VNDirect.RegisterTest.test35()'><b>test35</b><br>Test class: com.vn.VNDirect.RegisterTest<br>Test method: Email sai định dạng, bỏ trống họ tên và số đt và tên đăng nhập</td>
<td></td>
<td>0</td>
<td>com.vn.VNDirect.RegisterTest@35d176f7</td></tr>
<tr>
<td title='com.vn.VNDirect.RegisterTest.test37()'><b>test37</b><br>Test class: com.vn.VNDirect.RegisterTest<br>Test method: Email sai định dạng, bỏ trống họ tên và số đt và tên đăng nhập , mật khẩu không trùng</td>
<td></td>
<td>0</td>
<td>com.vn.VNDirect.RegisterTest@35d176f7</td></tr>
<tr>
<td title='com.vn.VNDirect.RegisterTest.test38()'><b>test38</b><br>Test class: com.vn.VNDirect.RegisterTest<br>Test method: Tên đăng nhập 5 ký tư</td>
<td></td>
<td>0</td>
<td>com.vn.VNDirect.RegisterTest@35d176f7</td></tr>
<tr>
<td title='com.vn.VNDirect.RegisterTest.test39()'><b>test39</b><br>Test class: com.vn.VNDirect.RegisterTest<br>Test method: Tên đăng nhập 5 ký tư, bỏ trống họ tên</td>
<td></td>
<td>0</td>
<td>com.vn.VNDirect.RegisterTest@35d176f7</td></tr>
<tr>
<td title='com.vn.VNDirect.RegisterTest.test40()'><b>test40</b><br>Test class: com.vn.VNDirect.RegisterTest<br>Test method: Tên đăng nhập 5 ký tư, bỏ trống họ tên và sđt</td>
<td></td>
<td>0</td>
<td>com.vn.VNDirect.RegisterTest@35d176f7</td></tr>
<tr>
<td title='com.vn.VNDirect.RegisterTest.test41()'><b>test41</b><br>Test class: com.vn.VNDirect.RegisterTest<br>Test method: Tên đăng nhập 5 ký tư, bỏ trống họ tên và sđt và email</td>
<td></td>
<td>0</td>
<td>com.vn.VNDirect.RegisterTest@35d176f7</td></tr>
<tr>
<td title='com.vn.VNDirect.RegisterTest.test42()'><b>test42</b><br>Test class: com.vn.VNDirect.RegisterTest<br>Test method: Tên đăng nhập 5 ký tư, bỏ trống họ tên và sđt và email và mật khẩu</td>
<td></td>
<td>0</td>
<td>com.vn.VNDirect.RegisterTest@35d176f7</td></tr>
<tr>
<td title='com.vn.VNDirect.RegisterTest.test43()'><b>test43</b><br>Test class: com.vn.VNDirect.RegisterTest<br>Test method: Tên đăng nhập 5 ký tư, bỏ trống họ tên và sđt và email và mật khẩu và xác nhận mật khẩu</td>
<td></td>
<td>0</td>
<td>com.vn.VNDirect.RegisterTest@35d176f7</td></tr>
<tr>
<td title='com.vn.VNDirect.RegisterTest.test44()'><b>test44</b><br>Test class: com.vn.VNDirect.RegisterTest<br>Test method: Tên đăng nhập 5 ký tư, bỏ trống họ tên và email và mật khẩu và xác nhận mật khẩu</td>
<td></td>
<td>0</td>
<td>com.vn.VNDirect.RegisterTest@35d176f7</td></tr>
<tr>
<td title='com.vn.VNDirect.RegisterTest.test45()'><b>test45</b><br>Test class: com.vn.VNDirect.RegisterTest<br>Test method: Tên đăng nhập 5 ký tư, bỏ trống mật khẩu và xác nhận mật khẩu</td>
<td></td>
<td>0</td>
<td>com.vn.VNDirect.RegisterTest@35d176f7</td></tr>
<tr>
<td title='com.vn.VNDirect.RegisterTest.test46()'><b>test46</b><br>Test class: com.vn.VNDirect.RegisterTest<br>Test method: Tên đăng nhập 5 ký tư và xác nhận mật khẩu không khớp</td>
<td></td>
<td>0</td>
<td>com.vn.VNDirect.RegisterTest@35d176f7</td></tr>
<tr>
<td title='com.vn.VNDirect.RegisterTest.test47()'><b>test47</b><br>Test class: com.vn.VNDirect.RegisterTest<br>Test method: Tên đăng nhập 5 ký tư và mật khẩu nhập 7 ký tự và xác nhận mật khẩu trống</td>
<td></td>
<td>0</td>
<td>com.vn.VNDirect.RegisterTest@35d176f7</td></tr>
<tr>
<td title='com.vn.VNDirect.RegisterTest.test48()'><b>test48</b><br>Test class: com.vn.VNDirect.RegisterTest<br>Test method: Tên đăng nhập 5 ký tư và mật khẩu nhập 33 ký tự và xác nhận mật khẩu trống</td>
<td></td>
<td>0</td>
<td>com.vn.VNDirect.RegisterTest@35d176f7</td></tr>
<tr>
<td title='com.vn.VNDirect.RegisterTest.test49()'><b>test49</b><br>Test class: com.vn.VNDirect.RegisterTest<br>Test method: Tên đăng nhập 5 ký tư và sđt 9 ký tự</td>
<td></td>
<td>0</td>
<td>com.vn.VNDirect.RegisterTest@35d176f7</td></tr>
<tr>
<td title='com.vn.VNDirect.RegisterTest.test50()'><b>test50</b><br>Test class: com.vn.VNDirect.RegisterTest<br>Test method: Tên đăng nhập 5 ký tư và email sai định dạng</td>
<td></td>
<td>1</td>
<td>com.vn.VNDirect.RegisterTest@35d176f7</td></tr>
<tr>
<td title='com.vn.VNDirect.RegisterTest.test53()'><b>test53</b><br>Test class: com.vn.VNDirect.RegisterTest<br>Test method: SĐT đã tồn tại</td>
<td></td>
<td>0</td>
<td>com.vn.VNDirect.RegisterTest@35d176f7</td></tr>
<tr>
<td title='com.vn.VNDirect.RegisterTest.test54()'><b>test54</b><br>Test class: com.vn.VNDirect.RegisterTest<br>Test method: SĐT đã tồn tại và bỏ trống họ tên</td>
<td></td>
<td>0</td>
<td>com.vn.VNDirect.RegisterTest@35d176f7</td></tr>
<tr>
<td title='com.vn.VNDirect.RegisterTest.test55()'><b>test55</b><br>Test class: com.vn.VNDirect.RegisterTest<br>Test method: SĐT đã tồn tại và bỏ trống họ tên, email</td>
<td></td>
<td>0</td>
<td>com.vn.VNDirect.RegisterTest@35d176f7</td></tr>
<tr>
<td title='com.vn.VNDirect.RegisterTest.test56()'><b>test56</b><br>Test class: com.vn.VNDirect.RegisterTest<br>Test method: SĐT đã tồn tại và bỏ trống họ tên, email, tên đăng nhập</td>
<td></td>
<td>0</td>
<td>com.vn.VNDirect.RegisterTest@35d176f7</td></tr>
<tr>
<td title='com.vn.VNDirect.RegisterTest.test57()'><b>test57</b><br>Test class: com.vn.VNDirect.RegisterTest<br>Test method: Email đã tồn tại và bỏ trống họ tên</td>
<td></td>
<td>0</td>
<td>com.vn.VNDirect.RegisterTest@35d176f7</td></tr>
<tr>
<td title='com.vn.VNDirect.RegisterTest.test58()'><b>test58</b><br>Test class: com.vn.VNDirect.RegisterTest<br>Test method: Email đã tồn tại và bỏ trống họ tên,SĐT</td>
<td></td>
<td>0</td>
<td>com.vn.VNDirect.RegisterTest@35d176f7</td></tr>
<tr>
<td title='com.vn.VNDirect.RegisterTest.test59()'><b>test59</b><br>Test class: com.vn.VNDirect.RegisterTest<br>Test method: Email đã tồn tại và bỏ trống họ tên,SĐT,tên đăng nhập</td>
<td></td>
<td>0</td>
<td>com.vn.VNDirect.RegisterTest@35d176f7</td></tr>
<tr>
<td title='com.vn.VNDirect.RegisterTest.test60()'><b>test60</b><br>Test class: com.vn.VNDirect.RegisterTest<br>Test method: SĐT và Email đã tồn tại</td>
<td></td>
<td>0</td>
<td>com.vn.VNDirect.RegisterTest@35d176f7</td></tr>
<tr>
<td title='com.vn.VNDirect.RegisterTest.test61()'><b>test61</b><br>Test class: com.vn.VNDirect.RegisterTest<br>Test method: SĐT và Email đã tồn tại, bỏ trống họ tên</td>
<td></td>
<td>0</td>
<td>com.vn.VNDirect.RegisterTest@35d176f7</td></tr>
<tr>
<td title='com.vn.VNDirect.RegisterTest.test62()'><b>test62</b><br>Test class: com.vn.VNDirect.RegisterTest<br>Test method: SĐT và Email đã tồn tại, bỏ trống tên đăng nhập</td>
<td></td>
<td>0</td>
<td>com.vn.VNDirect.RegisterTest@35d176f7</td></tr>
<tr>
<td title='com.vn.VNDirect.RegisterTest.test63()'><b>test63</b><br>Test class: com.vn.VNDirect.RegisterTest<br>Test method: SĐT và Email đã tồn tại, bỏ trống tên đăng nhập và họ tên</td>
<td></td>
<td>0</td>
<td>com.vn.VNDirect.RegisterTest@35d176f7</td></tr>
<tr>
<td title='com.vn.VNDirect.RegisterTest.test64()'><b>test64</b><br>Test class: com.vn.VNDirect.RegisterTest<br>Test method: SĐT và Email đã tồn tại, bỏ trống tên đăng nhập và họ tên và mật khẩu và xác nhận mật khẩu</td>
<td></td>
<td>0</td>
<td>com.vn.VNDirect.RegisterTest@35d176f7</td></tr>
<tr>
<td title='com.vn.VNDirect.RegisterTest.test65()'><b>test65</b><br>Test class: com.vn.VNDirect.RegisterTest<br>Test method: SĐT và Email đã tồn tại, họ tên trống, xác nhận mật khẩu không khớp</td>
<td></td>
<td>0</td>
<td>com.vn.VNDirect.RegisterTest@35d176f7</td></tr>
<tr>
<td title='com.vn.VNDirect.RegisterTest.test66()'><b>test66</b><br>Test class: com.vn.VNDirect.RegisterTest<br>Test method: SĐT và Email đã tồn tại, tên đăng nhập trống, xác nhận mật khẩu trống, mật khẩu trống</td>
<td></td>
<td>0</td>
<td>com.vn.VNDirect.RegisterTest@35d176f7</td></tr>
<tr>
<td title='com.vn.VNDirect.RegisterTest.test67()'><b>test67</b><br>Test class: com.vn.VNDirect.RegisterTest<br>Test method: SĐT và Email đã tồn tại, họ tên trống, xác nhận mật khẩu không khớp</td>
<td></td>
<td>0</td>
<td>com.vn.VNDirect.RegisterTest@35d176f7</td></tr>
<tr>
<td title='com.vn.VNDirect.RegisterTest.test68()'><b>test68</b><br>Test class: com.vn.VNDirect.RegisterTest<br>Test method: SĐT và Email đã tồn tại, xác nhận mật khẩu trống, mật khẩu trống</td>
<td></td>
<td>0</td>
<td>com.vn.VNDirect.RegisterTest@35d176f7</td></tr>
<tr>
<td title='com.vn.VNDirect.RegisterTest.test69()'><b>test69</b><br>Test class: com.vn.VNDirect.RegisterTest<br>Test method: SĐT và Email đã tồn tại, xác nhận mật khẩu không khớp</td>
<td></td>
<td>0</td>
<td>com.vn.VNDirect.RegisterTest@35d176f7</td></tr>
<tr>
<td title='com.vn.VNDirect.RegisterTest.test70()'><b>test70</b><br>Test class: com.vn.VNDirect.RegisterTest<br>Test method: SĐT và Email đã tồn tại, mật khẩu 7 ký tự</td>
<td></td>
<td>0</td>
<td>com.vn.VNDirect.RegisterTest@35d176f7</td></tr>
</table><p>
</body>
</html>