<?xml version="1.0" encoding="UTF-8"?>
<testng-results skipped="0" failed="6" ignored="0" total="62" passed="56">
  <reporter-output>
  </reporter-output>
  <suite name="Default suite" duration-ms="49905" started-at="2020-06-19T08:08:59 ICT" finished-at="2020-06-19T08:09:49 ICT">
    <groups>
    </groups>
    <test name="Default test" duration-ms="49905" started-at="2020-06-19T08:08:59 ICT" finished-at="2020-06-19T08:09:49 ICT">
      <class name="com.vn.VNDirect.RegisterTest">
        <test-method status="PASS" signature="setUp()[pri:0, instance:com.vn.VNDirect.RegisterTest@35d176f7]" name="setUp" is-config="true" duration-ms="5520" started-at="2020-06-19T08:08:59 ICT" finished-at="2020-06-19T08:09:05 ICT">
          <reporter-output>
          </reporter-output>
        </test-method> <!-- setUp -->
        <test-method status="PASS" signature="before()[pri:0, instance:com.vn.VNDirect.RegisterTest@35d176f7]" name="before" is-config="true" duration-ms="289" started-at="2020-06-19T08:09:05 ICT" finished-at="2020-06-19T08:09:05 ICT">
          <reporter-output>
          </reporter-output>
        </test-method> <!-- before -->
        <test-method status="PASS" signature="test02()[pri:0, instance:com.vn.VNDirect.RegisterTest@35d176f7]" name="test02" duration-ms="778" started-at="2020-06-19T08:09:05 ICT" description="Bỏ trống họ và tên" finished-at="2020-06-19T08:09:06 ICT">
          <reporter-output>
          </reporter-output>
        </test-method> <!-- test02 -->
        <test-method status="PASS" signature="before()[pri:0, instance:com.vn.VNDirect.RegisterTest@35d176f7]" name="before" is-config="true" duration-ms="248" started-at="2020-06-19T08:09:06 ICT" finished-at="2020-06-19T08:09:06 ICT">
          <reporter-output>
          </reporter-output>
        </test-method> <!-- before -->
        <test-method status="PASS" signature="test03()[pri:0, instance:com.vn.VNDirect.RegisterTest@35d176f7]" name="test03" duration-ms="562" started-at="2020-06-19T08:09:06 ICT" description="Bỏ trống họ và tên, số điện thoại" finished-at="2020-06-19T08:09:07 ICT">
          <reporter-output>
          </reporter-output>
        </test-method> <!-- test03 -->
        <test-method status="PASS" signature="before()[pri:0, instance:com.vn.VNDirect.RegisterTest@35d176f7]" name="before" is-config="true" duration-ms="230" started-at="2020-06-19T08:09:07 ICT" finished-at="2020-06-19T08:09:07 ICT">
          <reporter-output>
          </reporter-output>
        </test-method> <!-- before -->
        <test-method status="PASS" signature="test04()[pri:0, instance:com.vn.VNDirect.RegisterTest@35d176f7]" name="test04" duration-ms="422" started-at="2020-06-19T08:09:07 ICT" description="Bỏ trống họ và tên, số điện thoại, email" finished-at="2020-06-19T08:09:07 ICT">
          <reporter-output>
          </reporter-output>
        </test-method> <!-- test04 -->
        <test-method status="PASS" signature="before()[pri:0, instance:com.vn.VNDirect.RegisterTest@35d176f7]" name="before" is-config="true" duration-ms="210" started-at="2020-06-19T08:09:07 ICT" finished-at="2020-06-19T08:09:07 ICT">
          <reporter-output>
          </reporter-output>
        </test-method> <!-- before -->
        <test-method status="PASS" signature="test05()[pri:0, instance:com.vn.VNDirect.RegisterTest@35d176f7]" name="test05" duration-ms="319" started-at="2020-06-19T08:09:07 ICT" description="Bỏ trống họ và tên, số điện thoại, email, tên đăng nhập" finished-at="2020-06-19T08:09:08 ICT">
          <reporter-output>
          </reporter-output>
        </test-method> <!-- test05 -->
        <test-method status="PASS" signature="before()[pri:0, instance:com.vn.VNDirect.RegisterTest@35d176f7]" name="before" is-config="true" duration-ms="170" started-at="2020-06-19T08:09:08 ICT" finished-at="2020-06-19T08:09:08 ICT">
          <reporter-output>
          </reporter-output>
        </test-method> <!-- before -->
        <test-method status="PASS" signature="test06()[pri:0, instance:com.vn.VNDirect.RegisterTest@35d176f7]" name="test06" duration-ms="225" started-at="2020-06-19T08:09:08 ICT" description="Bỏ trống họ và tên, số điện thoại, email, tên đăng nhập, mật khẩu" finished-at="2020-06-19T08:09:08 ICT">
          <reporter-output>
          </reporter-output>
        </test-method> <!-- test06 -->
        <test-method status="PASS" signature="before()[pri:0, instance:com.vn.VNDirect.RegisterTest@35d176f7]" name="before" is-config="true" duration-ms="198" started-at="2020-06-19T08:09:08 ICT" finished-at="2020-06-19T08:09:08 ICT">
          <reporter-output>
          </reporter-output>
        </test-method> <!-- before -->
        <test-method status="PASS" signature="test07()[pri:0, instance:com.vn.VNDirect.RegisterTest@35d176f7]" name="test07" duration-ms="158" started-at="2020-06-19T08:09:08 ICT" description="Bỏ trống họ và tên, số điện thoại, email, tên đăng nhập, mật khẩu, xác nhận mật khẩu" finished-at="2020-06-19T08:09:09 ICT">
          <reporter-output>
          </reporter-output>
        </test-method> <!-- test07 -->
        <test-method status="PASS" signature="before()[pri:0, instance:com.vn.VNDirect.RegisterTest@35d176f7]" name="before" is-config="true" duration-ms="162" started-at="2020-06-19T08:09:09 ICT" finished-at="2020-06-19T08:09:09 ICT">
          <reporter-output>
          </reporter-output>
        </test-method> <!-- before -->
        <test-method status="PASS" signature="test08()[pri:0, instance:com.vn.VNDirect.RegisterTest@35d176f7]" name="test08" duration-ms="402" started-at="2020-06-19T08:09:09 ICT" description="Bỏ trống điện thoại,email, tên đăng nhập, mật khẩu, xác nhận mật khẩu" finished-at="2020-06-19T08:09:09 ICT">
          <reporter-output>
          </reporter-output>
        </test-method> <!-- test08 -->
        <test-method status="PASS" signature="before()[pri:0, instance:com.vn.VNDirect.RegisterTest@35d176f7]" name="before" is-config="true" duration-ms="167" started-at="2020-06-19T08:09:09 ICT" finished-at="2020-06-19T08:09:09 ICT">
          <reporter-output>
          </reporter-output>
        </test-method> <!-- before -->
        <test-method status="PASS" signature="test09()[pri:0, instance:com.vn.VNDirect.RegisterTest@35d176f7]" name="test09" duration-ms="334" started-at="2020-06-19T08:09:09 ICT" description="Bỏ trống email, tên đăng nhập, mật khẩu, xác nhận mật khẩu" finished-at="2020-06-19T08:09:10 ICT">
          <reporter-output>
          </reporter-output>
        </test-method> <!-- test09 -->
        <test-method status="PASS" signature="before()[pri:0, instance:com.vn.VNDirect.RegisterTest@35d176f7]" name="before" is-config="true" duration-ms="170" started-at="2020-06-19T08:09:10 ICT" finished-at="2020-06-19T08:09:10 ICT">
          <reporter-output>
          </reporter-output>
        </test-method> <!-- before -->
        <test-method status="PASS" signature="test10()[pri:0, instance:com.vn.VNDirect.RegisterTest@35d176f7]" name="test10" duration-ms="411" started-at="2020-06-19T08:09:10 ICT" description="Bỏ trống tên đăng nhập, mật khẩu, xác nhận mật khẩu" finished-at="2020-06-19T08:09:10 ICT">
          <reporter-output>
          </reporter-output>
        </test-method> <!-- test10 -->
        <test-method status="PASS" signature="before()[pri:0, instance:com.vn.VNDirect.RegisterTest@35d176f7]" name="before" is-config="true" duration-ms="199" started-at="2020-06-19T08:09:10 ICT" finished-at="2020-06-19T08:09:10 ICT">
          <reporter-output>
          </reporter-output>
        </test-method> <!-- before -->
        <test-method status="PASS" signature="test11()[pri:0, instance:com.vn.VNDirect.RegisterTest@35d176f7]" name="test11" duration-ms="517" started-at="2020-06-19T08:09:10 ICT" description="Bỏ trống mật khẩu, xác nhận mật khẩu" finished-at="2020-06-19T08:09:11 ICT">
          <reporter-output>
          </reporter-output>
        </test-method> <!-- test11 -->
        <test-method status="PASS" signature="before()[pri:0, instance:com.vn.VNDirect.RegisterTest@35d176f7]" name="before" is-config="true" duration-ms="210" started-at="2020-06-19T08:09:11 ICT" finished-at="2020-06-19T08:09:11 ICT">
          <reporter-output>
          </reporter-output>
        </test-method> <!-- before -->
        <test-method status="PASS" signature="test12()[pri:0, instance:com.vn.VNDirect.RegisterTest@35d176f7]" name="test12" duration-ms="626" started-at="2020-06-19T08:09:11 ICT" description="Bỏ trống  xác nhận mật khẩu" finished-at="2020-06-19T08:09:12 ICT">
          <reporter-output>
          </reporter-output>
        </test-method> <!-- test12 -->
        <test-method status="PASS" signature="before()[pri:0, instance:com.vn.VNDirect.RegisterTest@35d176f7]" name="before" is-config="true" duration-ms="288" started-at="2020-06-19T08:09:12 ICT" finished-at="2020-06-19T08:09:12 ICT">
          <reporter-output>
          </reporter-output>
        </test-method> <!-- before -->
        <test-method status="PASS" signature="test13()[pri:0, instance:com.vn.VNDirect.RegisterTest@35d176f7]" name="test13" duration-ms="677" started-at="2020-06-19T08:09:12 ICT" description="Mật khẩu không trùng nhau" finished-at="2020-06-19T08:09:13 ICT">
          <reporter-output>
          </reporter-output>
        </test-method> <!-- test13 -->
        <test-method status="PASS" signature="before()[pri:0, instance:com.vn.VNDirect.RegisterTest@35d176f7]" name="before" is-config="true" duration-ms="180" started-at="2020-06-19T08:09:13 ICT" finished-at="2020-06-19T08:09:13 ICT">
          <reporter-output>
          </reporter-output>
        </test-method> <!-- before -->
        <test-method status="FAIL" signature="test14()[pri:0, instance:com.vn.VNDirect.RegisterTest@35d176f7]" name="test14" duration-ms="900" started-at="2020-06-19T08:09:13 ICT" description="Mật khẩu phải có tối thiểu 8 ký tự và tối đa 32 ký tự(quá 32), Xác nhận mật khẩu trống" finished-at="2020-06-19T08:09:14 ICT">
          <exception class="java.lang.AssertionError">
            <message>
              <![CDATA[expected [Mật khẩu không trùng nhau] but found [Vui lòng không bỏ trống trường này]]]>
            </message>
            <full-stacktrace>
              <![CDATA[java.lang.AssertionError: expected [Mật khẩu không trùng nhau] but found [Vui lòng không bỏ trống trường này]
at org.testng.Assert.fail(Assert.java:97)
at org.testng.Assert.assertEqualsImpl(Assert.java:136)
at org.testng.Assert.assertEquals(Assert.java:118)
at org.testng.Assert.assertEquals(Assert.java:575)
at org.testng.Assert.assertEquals(Assert.java:585)
at com.vn.VNDirect.RegisterTest.test14(RegisterTest.java:353)
at sun.reflect.NativeMethodAccessorImpl.invoke0(Native Method)
at sun.reflect.NativeMethodAccessorImpl.invoke(Unknown Source)
at sun.reflect.DelegatingMethodAccessorImpl.invoke(Unknown Source)
at java.lang.reflect.Method.invoke(Unknown Source)
at org.testng.internal.MethodInvocationHelper.invokeMethod(MethodInvocationHelper.java:134)
at org.testng.internal.TestInvoker.invokeMethod(TestInvoker.java:597)
at org.testng.internal.TestInvoker.invokeTestMethod(TestInvoker.java:173)
at org.testng.internal.MethodRunner.runInSequence(MethodRunner.java:46)
at org.testng.internal.TestInvoker$MethodInvocationAgent.invoke(TestInvoker.java:816)
at org.testng.internal.TestInvoker.invokeTestMethods(TestInvoker.java:146)
at org.testng.internal.TestMethodWorker.invokeTestMethods(TestMethodWorker.java:146)
at org.testng.internal.TestMethodWorker.run(TestMethodWorker.java:128)
at java.util.ArrayList.forEach(Unknown Source)
at org.testng.TestRunner.privateRun(TestRunner.java:766)
at org.testng.TestRunner.run(TestRunner.java:587)
at org.testng.SuiteRunner.runTest(SuiteRunner.java:384)
at org.testng.SuiteRunner.runSequentially(SuiteRunner.java:378)
at org.testng.SuiteRunner.privateRun(SuiteRunner.java:337)
at org.testng.SuiteRunner.run(SuiteRunner.java:286)
at org.testng.SuiteRunnerWorker.runSuite(SuiteRunnerWorker.java:53)
at org.testng.SuiteRunnerWorker.run(SuiteRunnerWorker.java:96)
at org.testng.TestNG.runSuitesSequentially(TestNG.java:1187)
at org.testng.TestNG.runSuitesLocally(TestNG.java:1109)
at org.testng.TestNG.runSuites(TestNG.java:1039)
at org.testng.TestNG.run(TestNG.java:1007)
at org.testng.remote.AbstractRemoteTestNG.run(AbstractRemoteTestNG.java:115)
at org.testng.remote.RemoteTestNG.initAndRun(RemoteTestNG.java:251)
at org.testng.remote.RemoteTestNG.main(RemoteTestNG.java:77)
]]>
            </full-stacktrace>
          </exception> <!-- java.lang.AssertionError -->
          <reporter-output>
          </reporter-output>
        </test-method> <!-- test14 -->
        <test-method status="PASS" signature="before()[pri:0, instance:com.vn.VNDirect.RegisterTest@35d176f7]" name="before" is-config="true" duration-ms="218" started-at="2020-06-19T08:09:14 ICT" finished-at="2020-06-19T08:09:14 ICT">
          <reporter-output>
          </reporter-output>
        </test-method> <!-- before -->
        <test-method status="PASS" signature="test15()[pri:0, instance:com.vn.VNDirect.RegisterTest@35d176f7]" name="test15" duration-ms="1067" started-at="2020-06-19T08:09:14 ICT" description="Mật khẩu phải có tối thiểu 8 ký tự và tối đa 32 ký tự(quá 32), Mật khẩu không trùng nhau" finished-at="2020-06-19T08:09:15 ICT">
          <reporter-output>
          </reporter-output>
        </test-method> <!-- test15 -->
        <test-method status="PASS" signature="before()[pri:0, instance:com.vn.VNDirect.RegisterTest@35d176f7]" name="before" is-config="true" duration-ms="245" started-at="2020-06-19T08:09:15 ICT" finished-at="2020-06-19T08:09:15 ICT">
          <reporter-output>
          </reporter-output>
        </test-method> <!-- before -->
        <test-method status="PASS" signature="test16()[pri:0, instance:com.vn.VNDirect.RegisterTest@35d176f7]" name="test16" duration-ms="669" started-at="2020-06-19T08:09:15 ICT" description="Mật khẩu phải có tối thiểu 8 ký tự và tối đa 32 ký tự(nhỏ hơn 8), Xác nhận mật khẩu trống" finished-at="2020-06-19T08:09:16 ICT">
          <reporter-output>
          </reporter-output>
        </test-method> <!-- test16 -->
        <test-method status="PASS" signature="before()[pri:0, instance:com.vn.VNDirect.RegisterTest@35d176f7]" name="before" is-config="true" duration-ms="241" started-at="2020-06-19T08:09:16 ICT" finished-at="2020-06-19T08:09:16 ICT">
          <reporter-output>
          </reporter-output>
        </test-method> <!-- before -->
        <test-method status="PASS" signature="test17()[pri:0, instance:com.vn.VNDirect.RegisterTest@35d176f7]" name="test17" duration-ms="706" started-at="2020-06-19T08:09:16 ICT" description="Mật khẩu phải có tối thiểu 8 ký tự và tối đa 32 ký tự(nhỏ hơn 8), Mật khẩu không trùng nhau" finished-at="2020-06-19T08:09:17 ICT">
          <reporter-output>
          </reporter-output>
        </test-method> <!-- test17 -->
        <test-method status="PASS" signature="before()[pri:0, instance:com.vn.VNDirect.RegisterTest@35d176f7]" name="before" is-config="true" duration-ms="240" started-at="2020-06-19T08:09:17 ICT" finished-at="2020-06-19T08:09:17 ICT">
          <reporter-output>
          </reporter-output>
        </test-method> <!-- before -->
        <test-method status="PASS" signature="test18()[pri:0, instance:com.vn.VNDirect.RegisterTest@35d176f7]" name="test18" duration-ms="695" started-at="2020-06-19T08:09:17 ICT" description="Sai định dạng sđt(9 số)" finished-at="2020-06-19T08:09:18 ICT">
          <reporter-output>
          </reporter-output>
        </test-method> <!-- test18 -->
        <test-method status="PASS" signature="before()[pri:0, instance:com.vn.VNDirect.RegisterTest@35d176f7]" name="before" is-config="true" duration-ms="212" started-at="2020-06-19T08:09:18 ICT" finished-at="2020-06-19T08:09:18 ICT">
          <reporter-output>
          </reporter-output>
        </test-method> <!-- before -->
        <test-method status="PASS" signature="test20()[pri:0, instance:com.vn.VNDirect.RegisterTest@35d176f7]" name="test20" duration-ms="587" started-at="2020-06-19T08:09:18 ICT" description="Sai định dạng sđt(9 số), để trống họ và tên" finished-at="2020-06-19T08:09:19 ICT">
          <reporter-output>
          </reporter-output>
        </test-method> <!-- test20 -->
        <test-method status="PASS" signature="before()[pri:0, instance:com.vn.VNDirect.RegisterTest@35d176f7]" name="before" is-config="true" duration-ms="228" started-at="2020-06-19T08:09:19 ICT" finished-at="2020-06-19T08:09:19 ICT">
          <reporter-output>
          </reporter-output>
        </test-method> <!-- before -->
        <test-method status="PASS" signature="test22()[pri:0, instance:com.vn.VNDirect.RegisterTest@35d176f7]" name="test22" duration-ms="503" started-at="2020-06-19T08:09:19 ICT" description="Sai định dạng sđt(9 số), để trống họ và tên và tên đăng nhập" finished-at="2020-06-19T08:09:19 ICT">
          <reporter-output>
          </reporter-output>
        </test-method> <!-- test22 -->
        <test-method status="PASS" signature="before()[pri:0, instance:com.vn.VNDirect.RegisterTest@35d176f7]" name="before" is-config="true" duration-ms="198" started-at="2020-06-19T08:09:19 ICT" finished-at="2020-06-19T08:09:20 ICT">
          <reporter-output>
          </reporter-output>
        </test-method> <!-- before -->
        <test-method status="PASS" signature="test24()[pri:0, instance:com.vn.VNDirect.RegisterTest@35d176f7]" name="test24" duration-ms="384" started-at="2020-06-19T08:09:20 ICT" description="Sai định dạng sđt(9 số), để trống họ và tên và tên đăng nhập và email" finished-at="2020-06-19T08:09:20 ICT">
          <reporter-output>
          </reporter-output>
        </test-method> <!-- test24 -->
        <test-method status="PASS" signature="before()[pri:0, instance:com.vn.VNDirect.RegisterTest@35d176f7]" name="before" is-config="true" duration-ms="186" started-at="2020-06-19T08:09:20 ICT" finished-at="2020-06-19T08:09:20 ICT">
          <reporter-output>
          </reporter-output>
        </test-method> <!-- before -->
        <test-method status="PASS" signature="test27()[pri:0, instance:com.vn.VNDirect.RegisterTest@35d176f7]" name="test27" duration-ms="288" started-at="2020-06-19T08:09:20 ICT" description="Sai định dạng sđt(9 số), để trống họ và tên và tên đăng nhập và email và mật khẩu" finished-at="2020-06-19T08:09:20 ICT">
          <reporter-output>
          </reporter-output>
        </test-method> <!-- test27 -->
        <test-method status="PASS" signature="before()[pri:0, instance:com.vn.VNDirect.RegisterTest@35d176f7]" name="before" is-config="true" duration-ms="154" started-at="2020-06-19T08:09:20 ICT" finished-at="2020-06-19T08:09:21 ICT">
          <reporter-output>
          </reporter-output>
        </test-method> <!-- before -->
        <test-method status="PASS" signature="test29()[pri:0, instance:com.vn.VNDirect.RegisterTest@35d176f7]" name="test29" duration-ms="217" started-at="2020-06-19T08:09:21 ICT" description="Sai định dạng sđt(9 số), để trống họ và tên và tên đăng nhập và email và mật khẩu và xác nhận mật khẩu" finished-at="2020-06-19T08:09:21 ICT">
          <reporter-output>
          </reporter-output>
        </test-method> <!-- test29 -->
        <test-method status="PASS" signature="before()[pri:0, instance:com.vn.VNDirect.RegisterTest@35d176f7]" name="before" is-config="true" duration-ms="151" started-at="2020-06-19T08:09:21 ICT" finished-at="2020-06-19T08:09:21 ICT">
          <reporter-output>
          </reporter-output>
        </test-method> <!-- before -->
        <test-method status="PASS" signature="test31()[pri:0, instance:com.vn.VNDirect.RegisterTest@35d176f7]" name="test31" duration-ms="344" started-at="2020-06-19T08:09:21 ICT" description="Sai định dạng sđt(9 số), để trống họ và tên và tên đăng nhập và email, Mật khẩu không khớp" finished-at="2020-06-19T08:09:21 ICT">
          <reporter-output>
          </reporter-output>
        </test-method> <!-- test31 -->
        <test-method status="PASS" signature="before()[pri:0, instance:com.vn.VNDirect.RegisterTest@35d176f7]" name="before" is-config="true" duration-ms="173" started-at="2020-06-19T08:09:21 ICT" finished-at="2020-06-19T08:09:21 ICT">
          <reporter-output>
          </reporter-output>
        </test-method> <!-- before -->
        <test-method status="PASS" signature="test32()[pri:0, instance:com.vn.VNDirect.RegisterTest@35d176f7]" name="test32" duration-ms="651" started-at="2020-06-19T08:09:21 ICT" description="Email sai định dạng" finished-at="2020-06-19T08:09:22 ICT">
          <reporter-output>
          </reporter-output>
        </test-method> <!-- test32 -->
        <test-method status="PASS" signature="before()[pri:0, instance:com.vn.VNDirect.RegisterTest@35d176f7]" name="before" is-config="true" duration-ms="223" started-at="2020-06-19T08:09:22 ICT" finished-at="2020-06-19T08:09:22 ICT">
          <reporter-output>
          </reporter-output>
        </test-method> <!-- before -->
        <test-method status="PASS" signature="test33()[pri:0, instance:com.vn.VNDirect.RegisterTest@35d176f7]" name="test33" duration-ms="540" started-at="2020-06-19T08:09:22 ICT" description="Email sai định dạng, bỏ trống họ tên" finished-at="2020-06-19T08:09:23 ICT">
          <reporter-output>
          </reporter-output>
        </test-method> <!-- test33 -->
        <test-method status="PASS" signature="before()[pri:0, instance:com.vn.VNDirect.RegisterTest@35d176f7]" name="before" is-config="true" duration-ms="195" started-at="2020-06-19T08:09:23 ICT" finished-at="2020-06-19T08:09:23 ICT">
          <reporter-output>
          </reporter-output>
        </test-method> <!-- before -->
        <test-method status="PASS" signature="test34()[pri:0, instance:com.vn.VNDirect.RegisterTest@35d176f7]" name="test34" duration-ms="469" started-at="2020-06-19T08:09:23 ICT" description="Email sai định dạng, bỏ trống họ tên và số đt" finished-at="2020-06-19T08:09:24 ICT">
          <reporter-output>
          </reporter-output>
        </test-method> <!-- test34 -->
        <test-method status="PASS" signature="before()[pri:0, instance:com.vn.VNDirect.RegisterTest@35d176f7]" name="before" is-config="true" duration-ms="195" started-at="2020-06-19T08:09:24 ICT" finished-at="2020-06-19T08:09:24 ICT">
          <reporter-output>
          </reporter-output>
        </test-method> <!-- before -->
        <test-method status="PASS" signature="test35()[pri:0, instance:com.vn.VNDirect.RegisterTest@35d176f7]" name="test35" duration-ms="389" started-at="2020-06-19T08:09:24 ICT" description="Email sai định dạng, bỏ trống họ tên và số đt và tên đăng nhập" finished-at="2020-06-19T08:09:24 ICT">
          <reporter-output>
          </reporter-output>
        </test-method> <!-- test35 -->
        <test-method status="PASS" signature="before()[pri:0, instance:com.vn.VNDirect.RegisterTest@35d176f7]" name="before" is-config="true" duration-ms="175" started-at="2020-06-19T08:09:24 ICT" finished-at="2020-06-19T08:09:24 ICT">
          <reporter-output>
          </reporter-output>
        </test-method> <!-- before -->
        <test-method status="FAIL" signature="test36()[pri:0, instance:com.vn.VNDirect.RegisterTest@35d176f7]" name="test36" duration-ms="326" started-at="2020-06-19T08:09:24 ICT" description="Email sai định dạng, bỏ trống họ tên và số đt và tên đăng nhập và mật khẩu, mật khẩu không trùng" finished-at="2020-06-19T08:09:25 ICT">
          <exception class="org.openqa.selenium.NoSuchElementException">
            <message>
              <![CDATA[no such element: Unable to locate element: {"method":"xpath","selector":"/html/body/div[1]/div/div[2]/div/div/form/div[2]/div/div[4]/div[2]/div/div/span"}
  (Session info: chrome=83.0.4103.106)
For documentation on this error, please visit: https://www.seleniumhq.org/exceptions/no_such_element.html
Build info: version: '3.141.59', revision: 'e82be7d358', time: '2018-11-14T08:17:03'
System info: host: 'DESKTOP-U33STF4', ip: '192.168.9.2', os.name: 'Windows 10', os.arch: 'amd64', os.version: '10.0', java.version: '1.8.0_212'
Driver info: org.openqa.selenium.chrome.ChromeDriver
Capabilities {acceptInsecureCerts: false, browserName: chrome, browserVersion: 83.0.4103.106, chrome: {chromedriverVersion: 83.0.4103.39 (ccbf011cb2d2b..., userDataDir: C:\Users\SopenPC\AppData\Lo...}, goog:chromeOptions: {debuggerAddress: localhost:65139}, javascriptEnabled: true, networkConnectionEnabled: false, pageLoadStrategy: normal, platform: WINDOWS, platformName: WINDOWS, proxy: Proxy(), setWindowRect: true, strictFileInteractability: false, timeouts: {implicit: 0, pageLoad: 300000, script: 30000}, unhandledPromptBehavior: dismiss and notify, webauthn:virtualAuthenticators: true}
Session ID: 73e3983a927ce714b0d2daffdb7c8bb2
*** Element info: {Using=xpath, value=/html/body/div[1]/div/div[2]/div/div/form/div[2]/div/div[4]/div[2]/div/div/span}]]>
            </message>
            <full-stacktrace>
              <![CDATA[org.openqa.selenium.NoSuchElementException: no such element: Unable to locate element: {"method":"xpath","selector":"/html/body/div[1]/div/div[2]/div/div/form/div[2]/div/div[4]/div[2]/div/div/span"}
  (Session info: chrome=83.0.4103.106)
For documentation on this error, please visit: https://www.seleniumhq.org/exceptions/no_such_element.html
Build info: version: '3.141.59', revision: 'e82be7d358', time: '2018-11-14T08:17:03'
System info: host: 'DESKTOP-U33STF4', ip: '192.168.9.2', os.name: 'Windows 10', os.arch: 'amd64', os.version: '10.0', java.version: '1.8.0_212'
Driver info: org.openqa.selenium.chrome.ChromeDriver
Capabilities {acceptInsecureCerts: false, browserName: chrome, browserVersion: 83.0.4103.106, chrome: {chromedriverVersion: 83.0.4103.39 (ccbf011cb2d2b..., userDataDir: C:\Users\SopenPC\AppData\Lo...}, goog:chromeOptions: {debuggerAddress: localhost:65139}, javascriptEnabled: true, networkConnectionEnabled: false, pageLoadStrategy: normal, platform: WINDOWS, platformName: WINDOWS, proxy: Proxy(), setWindowRect: true, strictFileInteractability: false, timeouts: {implicit: 0, pageLoad: 300000, script: 30000}, unhandledPromptBehavior: dismiss and notify, webauthn:virtualAuthenticators: true}
Session ID: 73e3983a927ce714b0d2daffdb7c8bb2
*** Element info: {Using=xpath, value=/html/body/div[1]/div/div[2]/div/div/form/div[2]/div/div[4]/div[2]/div/div/span}
at sun.reflect.NativeConstructorAccessorImpl.newInstance0(Native Method)
at sun.reflect.NativeConstructorAccessorImpl.newInstance(Unknown Source)
at sun.reflect.DelegatingConstructorAccessorImpl.newInstance(Unknown Source)
at java.lang.reflect.Constructor.newInstance(Unknown Source)
at org.openqa.selenium.remote.http.W3CHttpResponseCodec.createException(W3CHttpResponseCodec.java:187)
at org.openqa.selenium.remote.http.W3CHttpResponseCodec.decode(W3CHttpResponseCodec.java:122)
at org.openqa.selenium.remote.http.W3CHttpResponseCodec.decode(W3CHttpResponseCodec.java:49)
at org.openqa.selenium.remote.HttpCommandExecutor.execute(HttpCommandExecutor.java:158)
at org.openqa.selenium.remote.service.DriverCommandExecutor.execute(DriverCommandExecutor.java:83)
at org.openqa.selenium.remote.RemoteWebDriver.execute(RemoteWebDriver.java:552)
at org.openqa.selenium.remote.RemoteWebDriver.findElement(RemoteWebDriver.java:323)
at org.openqa.selenium.remote.RemoteWebDriver.findElementByXPath(RemoteWebDriver.java:428)
at org.openqa.selenium.By$ByXPath.findElement(By.java:353)
at org.openqa.selenium.remote.RemoteWebDriver.findElement(RemoteWebDriver.java:315)
at com.vn.VNDirect.RegisterTest.test36(RegisterTest.java:855)
at sun.reflect.NativeMethodAccessorImpl.invoke0(Native Method)
at sun.reflect.NativeMethodAccessorImpl.invoke(Unknown Source)
at sun.reflect.DelegatingMethodAccessorImpl.invoke(Unknown Source)
at java.lang.reflect.Method.invoke(Unknown Source)
at org.testng.internal.MethodInvocationHelper.invokeMethod(MethodInvocationHelper.java:134)
at org.testng.internal.TestInvoker.invokeMethod(TestInvoker.java:597)
at org.testng.internal.TestInvoker.invokeTestMethod(TestInvoker.java:173)
at org.testng.internal.MethodRunner.runInSequence(MethodRunner.java:46)
at org.testng.internal.TestInvoker$MethodInvocationAgent.invoke(TestInvoker.java:816)
at org.testng.internal.TestInvoker.invokeTestMethods(TestInvoker.java:146)
at org.testng.internal.TestMethodWorker.invokeTestMethods(TestMethodWorker.java:146)
at org.testng.internal.TestMethodWorker.run(TestMethodWorker.java:128)
at java.util.ArrayList.forEach(Unknown Source)
at org.testng.TestRunner.privateRun(TestRunner.java:766)
at org.testng.TestRunner.run(TestRunner.java:587)
at org.testng.SuiteRunner.runTest(SuiteRunner.java:384)
at org.testng.SuiteRunner.runSequentially(SuiteRunner.java:378)
at org.testng.SuiteRunner.privateRun(SuiteRunner.java:337)
at org.testng.SuiteRunner.run(SuiteRunner.java:286)
at org.testng.SuiteRunnerWorker.runSuite(SuiteRunnerWorker.java:53)
at org.testng.SuiteRunnerWorker.run(SuiteRunnerWorker.java:96)
at org.testng.TestNG.runSuitesSequentially(TestNG.java:1187)
at org.testng.TestNG.runSuitesLocally(TestNG.java:1109)
at org.testng.TestNG.runSuites(TestNG.java:1039)
at org.testng.TestNG.run(TestNG.java:1007)
at org.testng.remote.AbstractRemoteTestNG.run(AbstractRemoteTestNG.java:115)
at org.testng.remote.RemoteTestNG.initAndRun(RemoteTestNG.java:251)
at org.testng.remote.RemoteTestNG.main(RemoteTestNG.java:77)
]]>
            </full-stacktrace>
          </exception> <!-- org.openqa.selenium.NoSuchElementException -->
          <reporter-output>
          </reporter-output>
        </test-method> <!-- test36 -->
        <test-method status="PASS" signature="before()[pri:0, instance:com.vn.VNDirect.RegisterTest@35d176f7]" name="before" is-config="true" duration-ms="159" started-at="2020-06-19T08:09:25 ICT" finished-at="2020-06-19T08:09:25 ICT">
          <reporter-output>
          </reporter-output>
        </test-method> <!-- before -->
        <test-method status="PASS" signature="test37()[pri:0, instance:com.vn.VNDirect.RegisterTest@35d176f7]" name="test37" duration-ms="378" started-at="2020-06-19T08:09:25 ICT" description="Email sai định dạng, bỏ trống họ tên và số đt và tên đăng nhập , mật khẩu không trùng" finished-at="2020-06-19T08:09:25 ICT">
          <reporter-output>
          </reporter-output>
        </test-method> <!-- test37 -->
        <test-method status="PASS" signature="before()[pri:0, instance:com.vn.VNDirect.RegisterTest@35d176f7]" name="before" is-config="true" duration-ms="162" started-at="2020-06-19T08:09:25 ICT" finished-at="2020-06-19T08:09:25 ICT">
          <reporter-output>
          </reporter-output>
        </test-method> <!-- before -->
        <test-method status="PASS" signature="test38()[pri:0, instance:com.vn.VNDirect.RegisterTest@35d176f7]" name="test38" duration-ms="626" started-at="2020-06-19T08:09:25 ICT" description="Tên đăng nhập 5 ký tư" finished-at="2020-06-19T08:09:26 ICT">
          <reporter-output>
          </reporter-output>
        </test-method> <!-- test38 -->
        <test-method status="PASS" signature="before()[pri:0, instance:com.vn.VNDirect.RegisterTest@35d176f7]" name="before" is-config="true" duration-ms="223" started-at="2020-06-19T08:09:26 ICT" finished-at="2020-06-19T08:09:26 ICT">
          <reporter-output>
          </reporter-output>
        </test-method> <!-- before -->
        <test-method status="PASS" signature="test39()[pri:0, instance:com.vn.VNDirect.RegisterTest@35d176f7]" name="test39" duration-ms="548" started-at="2020-06-19T08:09:26 ICT" description="Tên đăng nhập 5 ký tư, bỏ trống họ tên" finished-at="2020-06-19T08:09:27 ICT">
          <reporter-output>
          </reporter-output>
        </test-method> <!-- test39 -->
        <test-method status="PASS" signature="before()[pri:0, instance:com.vn.VNDirect.RegisterTest@35d176f7]" name="before" is-config="true" duration-ms="219" started-at="2020-06-19T08:09:27 ICT" finished-at="2020-06-19T08:09:27 ICT">
          <reporter-output>
          </reporter-output>
        </test-method> <!-- before -->
        <test-method status="PASS" signature="test40()[pri:0, instance:com.vn.VNDirect.RegisterTest@35d176f7]" name="test40" duration-ms="491" started-at="2020-06-19T08:09:27 ICT" description="Tên đăng nhập 5 ký tư, bỏ trống họ tên và sđt" finished-at="2020-06-19T08:09:27 ICT">
          <reporter-output>
          </reporter-output>
        </test-method> <!-- test40 -->
        <test-method status="PASS" signature="before()[pri:0, instance:com.vn.VNDirect.RegisterTest@35d176f7]" name="before" is-config="true" duration-ms="187" started-at="2020-06-19T08:09:27 ICT" finished-at="2020-06-19T08:09:28 ICT">
          <reporter-output>
          </reporter-output>
        </test-method> <!-- before -->
        <test-method status="PASS" signature="test41()[pri:0, instance:com.vn.VNDirect.RegisterTest@35d176f7]" name="test41" duration-ms="372" started-at="2020-06-19T08:09:28 ICT" description="Tên đăng nhập 5 ký tư, bỏ trống họ tên và sđt và email" finished-at="2020-06-19T08:09:28 ICT">
          <reporter-output>
          </reporter-output>
        </test-method> <!-- test41 -->
        <test-method status="PASS" signature="before()[pri:0, instance:com.vn.VNDirect.RegisterTest@35d176f7]" name="before" is-config="true" duration-ms="175" started-at="2020-06-19T08:09:28 ICT" finished-at="2020-06-19T08:09:28 ICT">
          <reporter-output>
          </reporter-output>
        </test-method> <!-- before -->
        <test-method status="PASS" signature="test42()[pri:0, instance:com.vn.VNDirect.RegisterTest@35d176f7]" name="test42" duration-ms="246" started-at="2020-06-19T08:09:28 ICT" description="Tên đăng nhập 5 ký tư, bỏ trống họ tên và sđt và email và mật khẩu" finished-at="2020-06-19T08:09:28 ICT">
          <reporter-output>
          </reporter-output>
        </test-method> <!-- test42 -->
        <test-method status="PASS" signature="before()[pri:0, instance:com.vn.VNDirect.RegisterTest@35d176f7]" name="before" is-config="true" duration-ms="158" started-at="2020-06-19T08:09:28 ICT" finished-at="2020-06-19T08:09:29 ICT">
          <reporter-output>
          </reporter-output>
        </test-method> <!-- before -->
        <test-method status="PASS" signature="test43()[pri:0, instance:com.vn.VNDirect.RegisterTest@35d176f7]" name="test43" duration-ms="186" started-at="2020-06-19T08:09:29 ICT" description="Tên đăng nhập 5 ký tư, bỏ trống họ tên và sđt và email và mật khẩu và xác nhận mật khẩu" finished-at="2020-06-19T08:09:29 ICT">
          <reporter-output>
          </reporter-output>
        </test-method> <!-- test43 -->
        <test-method status="PASS" signature="before()[pri:0, instance:com.vn.VNDirect.RegisterTest@35d176f7]" name="before" is-config="true" duration-ms="144" started-at="2020-06-19T08:09:29 ICT" finished-at="2020-06-19T08:09:29 ICT">
          <reporter-output>
          </reporter-output>
        </test-method> <!-- before -->
        <test-method status="PASS" signature="test44()[pri:0, instance:com.vn.VNDirect.RegisterTest@35d176f7]" name="test44" duration-ms="341" started-at="2020-06-19T08:09:29 ICT" description="Tên đăng nhập 5 ký tư, bỏ trống họ tên và email và mật khẩu và xác nhận mật khẩu" finished-at="2020-06-19T08:09:29 ICT">
          <reporter-output>
          </reporter-output>
        </test-method> <!-- test44 -->
        <test-method status="PASS" signature="before()[pri:0, instance:com.vn.VNDirect.RegisterTest@35d176f7]" name="before" is-config="true" duration-ms="165" started-at="2020-06-19T08:09:29 ICT" finished-at="2020-06-19T08:09:29 ICT">
          <reporter-output>
          </reporter-output>
        </test-method> <!-- before -->
        <test-method status="PASS" signature="test45()[pri:0, instance:com.vn.VNDirect.RegisterTest@35d176f7]" name="test45" duration-ms="442" started-at="2020-06-19T08:09:29 ICT" description="Tên đăng nhập 5 ký tư, bỏ trống mật khẩu và xác nhận mật khẩu" finished-at="2020-06-19T08:09:30 ICT">
          <reporter-output>
          </reporter-output>
        </test-method> <!-- test45 -->
        <test-method status="PASS" signature="before()[pri:0, instance:com.vn.VNDirect.RegisterTest@35d176f7]" name="before" is-config="true" duration-ms="197" started-at="2020-06-19T08:09:30 ICT" finished-at="2020-06-19T08:09:30 ICT">
          <reporter-output>
          </reporter-output>
        </test-method> <!-- before -->
        <test-method status="PASS" signature="test46()[pri:0, instance:com.vn.VNDirect.RegisterTest@35d176f7]" name="test46" duration-ms="595" started-at="2020-06-19T08:09:30 ICT" description="Tên đăng nhập 5 ký tư và xác nhận mật khẩu không khớp" finished-at="2020-06-19T08:09:31 ICT">
          <reporter-output>
          </reporter-output>
        </test-method> <!-- test46 -->
        <test-method status="PASS" signature="before()[pri:0, instance:com.vn.VNDirect.RegisterTest@35d176f7]" name="before" is-config="true" duration-ms="221" started-at="2020-06-19T08:09:31 ICT" finished-at="2020-06-19T08:09:31 ICT">
          <reporter-output>
          </reporter-output>
        </test-method> <!-- before -->
        <test-method status="PASS" signature="test47()[pri:0, instance:com.vn.VNDirect.RegisterTest@35d176f7]" name="test47" duration-ms="602" started-at="2020-06-19T08:09:31 ICT" description="Tên đăng nhập 5 ký tư và mật khẩu nhập 7 ký tự và xác nhận mật khẩu trống" finished-at="2020-06-19T08:09:31 ICT">
          <reporter-output>
          </reporter-output>
        </test-method> <!-- test47 -->
        <test-method status="PASS" signature="before()[pri:0, instance:com.vn.VNDirect.RegisterTest@35d176f7]" name="before" is-config="true" duration-ms="214" started-at="2020-06-19T08:09:31 ICT" finished-at="2020-06-19T08:09:32 ICT">
          <reporter-output>
          </reporter-output>
        </test-method> <!-- before -->
        <test-method status="PASS" signature="test48()[pri:0, instance:com.vn.VNDirect.RegisterTest@35d176f7]" name="test48" duration-ms="696" started-at="2020-06-19T08:09:32 ICT" description="Tên đăng nhập 5 ký tư và mật khẩu nhập 33 ký tự và xác nhận mật khẩu trống" finished-at="2020-06-19T08:09:32 ICT">
          <reporter-output>
          </reporter-output>
        </test-method> <!-- test48 -->
        <test-method status="PASS" signature="before()[pri:0, instance:com.vn.VNDirect.RegisterTest@35d176f7]" name="before" is-config="true" duration-ms="210" started-at="2020-06-19T08:09:32 ICT" finished-at="2020-06-19T08:09:33 ICT">
          <reporter-output>
          </reporter-output>
        </test-method> <!-- before -->
        <test-method status="PASS" signature="test49()[pri:0, instance:com.vn.VNDirect.RegisterTest@35d176f7]" name="test49" duration-ms="593" started-at="2020-06-19T08:09:33 ICT" description="Tên đăng nhập 5 ký tư và sđt 9 ký tự" finished-at="2020-06-19T08:09:33 ICT">
          <reporter-output>
          </reporter-output>
        </test-method> <!-- test49 -->
        <test-method status="PASS" signature="before()[pri:0, instance:com.vn.VNDirect.RegisterTest@35d176f7]" name="before" is-config="true" duration-ms="202" started-at="2020-06-19T08:09:33 ICT" finished-at="2020-06-19T08:09:33 ICT">
          <reporter-output>
          </reporter-output>
        </test-method> <!-- before -->
        <test-method status="PASS" signature="test50()[pri:0, instance:com.vn.VNDirect.RegisterTest@35d176f7]" name="test50" duration-ms="605" started-at="2020-06-19T08:09:33 ICT" description="Tên đăng nhập 5 ký tư và email sai định dạng" finished-at="2020-06-19T08:09:34 ICT">
          <reporter-output>
          </reporter-output>
        </test-method> <!-- test50 -->
        <test-method status="PASS" signature="before()[pri:0, instance:com.vn.VNDirect.RegisterTest@35d176f7]" name="before" is-config="true" duration-ms="202" started-at="2020-06-19T08:09:34 ICT" finished-at="2020-06-19T08:09:34 ICT">
          <reporter-output>
          </reporter-output>
        </test-method> <!-- before -->
        <test-method status="FAIL" signature="test51()[pri:0, instance:com.vn.VNDirect.RegisterTest@35d176f7]" name="test51" duration-ms="556" started-at="2020-06-19T08:09:34 ICT" description="Email 11 ký tự" finished-at="2020-06-19T08:09:35 ICT">
          <exception class="org.openqa.selenium.NoSuchElementException">
            <message>
              <![CDATA[no such element: Unable to locate element: {"method":"xpath","selector":"/html/body/div[1]/div/div[2]/div/div/form/div[2]/div/div[2]/div/div/div/span"}
  (Session info: chrome=83.0.4103.106)
For documentation on this error, please visit: https://www.seleniumhq.org/exceptions/no_such_element.html
Build info: version: '3.141.59', revision: 'e82be7d358', time: '2018-11-14T08:17:03'
System info: host: 'DESKTOP-U33STF4', ip: '192.168.9.2', os.name: 'Windows 10', os.arch: 'amd64', os.version: '10.0', java.version: '1.8.0_212'
Driver info: org.openqa.selenium.chrome.ChromeDriver
Capabilities {acceptInsecureCerts: false, browserName: chrome, browserVersion: 83.0.4103.106, chrome: {chromedriverVersion: 83.0.4103.39 (ccbf011cb2d2b..., userDataDir: C:\Users\SopenPC\AppData\Lo...}, goog:chromeOptions: {debuggerAddress: localhost:65139}, javascriptEnabled: true, networkConnectionEnabled: false, pageLoadStrategy: normal, platform: WINDOWS, platformName: WINDOWS, proxy: Proxy(), setWindowRect: true, strictFileInteractability: false, timeouts: {implicit: 0, pageLoad: 300000, script: 30000}, unhandledPromptBehavior: dismiss and notify, webauthn:virtualAuthenticators: true}
Session ID: 73e3983a927ce714b0d2daffdb7c8bb2
*** Element info: {Using=xpath, value=/html/body/div[1]/div/div[2]/div/div/form/div[2]/div/div[2]/div/div/div/span}]]>
            </message>
            <full-stacktrace>
              <![CDATA[org.openqa.selenium.NoSuchElementException: no such element: Unable to locate element: {"method":"xpath","selector":"/html/body/div[1]/div/div[2]/div/div/form/div[2]/div/div[2]/div/div/div/span"}
  (Session info: chrome=83.0.4103.106)
For documentation on this error, please visit: https://www.seleniumhq.org/exceptions/no_such_element.html
Build info: version: '3.141.59', revision: 'e82be7d358', time: '2018-11-14T08:17:03'
System info: host: 'DESKTOP-U33STF4', ip: '192.168.9.2', os.name: 'Windows 10', os.arch: 'amd64', os.version: '10.0', java.version: '1.8.0_212'
Driver info: org.openqa.selenium.chrome.ChromeDriver
Capabilities {acceptInsecureCerts: false, browserName: chrome, browserVersion: 83.0.4103.106, chrome: {chromedriverVersion: 83.0.4103.39 (ccbf011cb2d2b..., userDataDir: C:\Users\SopenPC\AppData\Lo...}, goog:chromeOptions: {debuggerAddress: localhost:65139}, javascriptEnabled: true, networkConnectionEnabled: false, pageLoadStrategy: normal, platform: WINDOWS, platformName: WINDOWS, proxy: Proxy(), setWindowRect: true, strictFileInteractability: false, timeouts: {implicit: 0, pageLoad: 300000, script: 30000}, unhandledPromptBehavior: dismiss and notify, webauthn:virtualAuthenticators: true}
Session ID: 73e3983a927ce714b0d2daffdb7c8bb2
*** Element info: {Using=xpath, value=/html/body/div[1]/div/div[2]/div/div/form/div[2]/div/div[2]/div/div/div/span}
at sun.reflect.NativeConstructorAccessorImpl.newInstance0(Native Method)
at sun.reflect.NativeConstructorAccessorImpl.newInstance(Unknown Source)
at sun.reflect.DelegatingConstructorAccessorImpl.newInstance(Unknown Source)
at java.lang.reflect.Constructor.newInstance(Unknown Source)
at org.openqa.selenium.remote.http.W3CHttpResponseCodec.createException(W3CHttpResponseCodec.java:187)
at org.openqa.selenium.remote.http.W3CHttpResponseCodec.decode(W3CHttpResponseCodec.java:122)
at org.openqa.selenium.remote.http.W3CHttpResponseCodec.decode(W3CHttpResponseCodec.java:49)
at org.openqa.selenium.remote.HttpCommandExecutor.execute(HttpCommandExecutor.java:158)
at org.openqa.selenium.remote.service.DriverCommandExecutor.execute(DriverCommandExecutor.java:83)
at org.openqa.selenium.remote.RemoteWebDriver.execute(RemoteWebDriver.java:552)
at org.openqa.selenium.remote.RemoteWebDriver.findElement(RemoteWebDriver.java:323)
at org.openqa.selenium.remote.RemoteWebDriver.findElementByXPath(RemoteWebDriver.java:428)
at org.openqa.selenium.By$ByXPath.findElement(By.java:353)
at org.openqa.selenium.remote.RemoteWebDriver.findElement(RemoteWebDriver.java:315)
at com.vn.VNDirect.RegisterTest.test51(RegisterTest.java:1208)
at sun.reflect.NativeMethodAccessorImpl.invoke0(Native Method)
at sun.reflect.NativeMethodAccessorImpl.invoke(Unknown Source)
at sun.reflect.DelegatingMethodAccessorImpl.invoke(Unknown Source)
at java.lang.reflect.Method.invoke(Unknown Source)
at org.testng.internal.MethodInvocationHelper.invokeMethod(MethodInvocationHelper.java:134)
at org.testng.internal.TestInvoker.invokeMethod(TestInvoker.java:597)
at org.testng.internal.TestInvoker.invokeTestMethod(TestInvoker.java:173)
at org.testng.internal.MethodRunner.runInSequence(MethodRunner.java:46)
at org.testng.internal.TestInvoker$MethodInvocationAgent.invoke(TestInvoker.java:816)
at org.testng.internal.TestInvoker.invokeTestMethods(TestInvoker.java:146)
at org.testng.internal.TestMethodWorker.invokeTestMethods(TestMethodWorker.java:146)
at org.testng.internal.TestMethodWorker.run(TestMethodWorker.java:128)
at java.util.ArrayList.forEach(Unknown Source)
at org.testng.TestRunner.privateRun(TestRunner.java:766)
at org.testng.TestRunner.run(TestRunner.java:587)
at org.testng.SuiteRunner.runTest(SuiteRunner.java:384)
at org.testng.SuiteRunner.runSequentially(SuiteRunner.java:378)
at org.testng.SuiteRunner.privateRun(SuiteRunner.java:337)
at org.testng.SuiteRunner.run(SuiteRunner.java:286)
at org.testng.SuiteRunnerWorker.runSuite(SuiteRunnerWorker.java:53)
at org.testng.SuiteRunnerWorker.run(SuiteRunnerWorker.java:96)
at org.testng.TestNG.runSuitesSequentially(TestNG.java:1187)
at org.testng.TestNG.runSuitesLocally(TestNG.java:1109)
at org.testng.TestNG.runSuites(TestNG.java:1039)
at org.testng.TestNG.run(TestNG.java:1007)
at org.testng.remote.AbstractRemoteTestNG.run(AbstractRemoteTestNG.java:115)
at org.testng.remote.RemoteTestNG.initAndRun(RemoteTestNG.java:251)
at org.testng.remote.RemoteTestNG.main(RemoteTestNG.java:77)
]]>
            </full-stacktrace>
          </exception> <!-- org.openqa.selenium.NoSuchElementException -->
          <reporter-output>
          </reporter-output>
        </test-method> <!-- test51 -->
        <test-method status="PASS" signature="before()[pri:0, instance:com.vn.VNDirect.RegisterTest@35d176f7]" name="before" is-config="true" duration-ms="238" started-at="2020-06-19T08:09:35 ICT" finished-at="2020-06-19T08:09:35 ICT">
          <reporter-output>
          </reporter-output>
        </test-method> <!-- before -->
        <test-method status="FAIL" signature="test52()[pri:0, instance:com.vn.VNDirect.RegisterTest@35d176f7]" name="test52" duration-ms="745" started-at="2020-06-19T08:09:35 ICT" description="Email 51 ký tự" finished-at="2020-06-19T08:09:36 ICT">
          <exception class="org.openqa.selenium.NoSuchElementException">
            <message>
              <![CDATA[no such element: Unable to locate element: {"method":"xpath","selector":"/html/body/div[1]/div/div[2]/div/div/form/div[2]/div/div[2]/div/div/div/span"}
  (Session info: chrome=83.0.4103.106)
For documentation on this error, please visit: https://www.seleniumhq.org/exceptions/no_such_element.html
Build info: version: '3.141.59', revision: 'e82be7d358', time: '2018-11-14T08:17:03'
System info: host: 'DESKTOP-U33STF4', ip: '192.168.9.2', os.name: 'Windows 10', os.arch: 'amd64', os.version: '10.0', java.version: '1.8.0_212'
Driver info: org.openqa.selenium.chrome.ChromeDriver
Capabilities {acceptInsecureCerts: false, browserName: chrome, browserVersion: 83.0.4103.106, chrome: {chromedriverVersion: 83.0.4103.39 (ccbf011cb2d2b..., userDataDir: C:\Users\SopenPC\AppData\Lo...}, goog:chromeOptions: {debuggerAddress: localhost:65139}, javascriptEnabled: true, networkConnectionEnabled: false, pageLoadStrategy: normal, platform: WINDOWS, platformName: WINDOWS, proxy: Proxy(), setWindowRect: true, strictFileInteractability: false, timeouts: {implicit: 0, pageLoad: 300000, script: 30000}, unhandledPromptBehavior: dismiss and notify, webauthn:virtualAuthenticators: true}
Session ID: 73e3983a927ce714b0d2daffdb7c8bb2
*** Element info: {Using=xpath, value=/html/body/div[1]/div/div[2]/div/div/form/div[2]/div/div[2]/div/div/div/span}]]>
            </message>
            <full-stacktrace>
              <![CDATA[org.openqa.selenium.NoSuchElementException: no such element: Unable to locate element: {"method":"xpath","selector":"/html/body/div[1]/div/div[2]/div/div/form/div[2]/div/div[2]/div/div/div/span"}
  (Session info: chrome=83.0.4103.106)
For documentation on this error, please visit: https://www.seleniumhq.org/exceptions/no_such_element.html
Build info: version: '3.141.59', revision: 'e82be7d358', time: '2018-11-14T08:17:03'
System info: host: 'DESKTOP-U33STF4', ip: '192.168.9.2', os.name: 'Windows 10', os.arch: 'amd64', os.version: '10.0', java.version: '1.8.0_212'
Driver info: org.openqa.selenium.chrome.ChromeDriver
Capabilities {acceptInsecureCerts: false, browserName: chrome, browserVersion: 83.0.4103.106, chrome: {chromedriverVersion: 83.0.4103.39 (ccbf011cb2d2b..., userDataDir: C:\Users\SopenPC\AppData\Lo...}, goog:chromeOptions: {debuggerAddress: localhost:65139}, javascriptEnabled: true, networkConnectionEnabled: false, pageLoadStrategy: normal, platform: WINDOWS, platformName: WINDOWS, proxy: Proxy(), setWindowRect: true, strictFileInteractability: false, timeouts: {implicit: 0, pageLoad: 300000, script: 30000}, unhandledPromptBehavior: dismiss and notify, webauthn:virtualAuthenticators: true}
Session ID: 73e3983a927ce714b0d2daffdb7c8bb2
*** Element info: {Using=xpath, value=/html/body/div[1]/div/div[2]/div/div/form/div[2]/div/div[2]/div/div/div/span}
at sun.reflect.NativeConstructorAccessorImpl.newInstance0(Native Method)
at sun.reflect.NativeConstructorAccessorImpl.newInstance(Unknown Source)
at sun.reflect.DelegatingConstructorAccessorImpl.newInstance(Unknown Source)
at java.lang.reflect.Constructor.newInstance(Unknown Source)
at org.openqa.selenium.remote.http.W3CHttpResponseCodec.createException(W3CHttpResponseCodec.java:187)
at org.openqa.selenium.remote.http.W3CHttpResponseCodec.decode(W3CHttpResponseCodec.java:122)
at org.openqa.selenium.remote.http.W3CHttpResponseCodec.decode(W3CHttpResponseCodec.java:49)
at org.openqa.selenium.remote.HttpCommandExecutor.execute(HttpCommandExecutor.java:158)
at org.openqa.selenium.remote.service.DriverCommandExecutor.execute(DriverCommandExecutor.java:83)
at org.openqa.selenium.remote.RemoteWebDriver.execute(RemoteWebDriver.java:552)
at org.openqa.selenium.remote.RemoteWebDriver.findElement(RemoteWebDriver.java:323)
at org.openqa.selenium.remote.RemoteWebDriver.findElementByXPath(RemoteWebDriver.java:428)
at org.openqa.selenium.By$ByXPath.findElement(By.java:353)
at org.openqa.selenium.remote.RemoteWebDriver.findElement(RemoteWebDriver.java:315)
at com.vn.VNDirect.RegisterTest.test52(RegisterTest.java:1230)
at sun.reflect.NativeMethodAccessorImpl.invoke0(Native Method)
at sun.reflect.NativeMethodAccessorImpl.invoke(Unknown Source)
at sun.reflect.DelegatingMethodAccessorImpl.invoke(Unknown Source)
at java.lang.reflect.Method.invoke(Unknown Source)
at org.testng.internal.MethodInvocationHelper.invokeMethod(MethodInvocationHelper.java:134)
at org.testng.internal.TestInvoker.invokeMethod(TestInvoker.java:597)
at org.testng.internal.TestInvoker.invokeTestMethod(TestInvoker.java:173)
at org.testng.internal.MethodRunner.runInSequence(MethodRunner.java:46)
at org.testng.internal.TestInvoker$MethodInvocationAgent.invoke(TestInvoker.java:816)
at org.testng.internal.TestInvoker.invokeTestMethods(TestInvoker.java:146)
at org.testng.internal.TestMethodWorker.invokeTestMethods(TestMethodWorker.java:146)
at org.testng.internal.TestMethodWorker.run(TestMethodWorker.java:128)
at java.util.ArrayList.forEach(Unknown Source)
at org.testng.TestRunner.privateRun(TestRunner.java:766)
at org.testng.TestRunner.run(TestRunner.java:587)
at org.testng.SuiteRunner.runTest(SuiteRunner.java:384)
at org.testng.SuiteRunner.runSequentially(SuiteRunner.java:378)
at org.testng.SuiteRunner.privateRun(SuiteRunner.java:337)
at org.testng.SuiteRunner.run(SuiteRunner.java:286)
at org.testng.SuiteRunnerWorker.runSuite(SuiteRunnerWorker.java:53)
at org.testng.SuiteRunnerWorker.run(SuiteRunnerWorker.java:96)
at org.testng.TestNG.runSuitesSequentially(TestNG.java:1187)
at org.testng.TestNG.runSuitesLocally(TestNG.java:1109)
at org.testng.TestNG.runSuites(TestNG.java:1039)
at org.testng.TestNG.run(TestNG.java:1007)
at org.testng.remote.AbstractRemoteTestNG.run(AbstractRemoteTestNG.java:115)
at org.testng.remote.RemoteTestNG.initAndRun(RemoteTestNG.java:251)
at org.testng.remote.RemoteTestNG.main(RemoteTestNG.java:77)
]]>
            </full-stacktrace>
          </exception> <!-- org.openqa.selenium.NoSuchElementException -->
          <reporter-output>
          </reporter-output>
        </test-method> <!-- test52 -->
        <test-method status="PASS" signature="before()[pri:0, instance:com.vn.VNDirect.RegisterTest@35d176f7]" name="before" is-config="true" duration-ms="223" started-at="2020-06-19T08:09:36 ICT" finished-at="2020-06-19T08:09:36 ICT">
          <reporter-output>
          </reporter-output>
        </test-method> <!-- before -->
        <test-method status="PASS" signature="test53()[pri:0, instance:com.vn.VNDirect.RegisterTest@35d176f7]" name="test53" duration-ms="691" started-at="2020-06-19T08:09:36 ICT" description="SĐT đã tồn tại" finished-at="2020-06-19T08:09:37 ICT">
          <reporter-output>
          </reporter-output>
        </test-method> <!-- test53 -->
        <test-method status="PASS" signature="before()[pri:0, instance:com.vn.VNDirect.RegisterTest@35d176f7]" name="before" is-config="true" duration-ms="221" started-at="2020-06-19T08:09:37 ICT" finished-at="2020-06-19T08:09:37 ICT">
          <reporter-output>
          </reporter-output>
        </test-method> <!-- before -->
        <test-method status="PASS" signature="test54()[pri:0, instance:com.vn.VNDirect.RegisterTest@35d176f7]" name="test54" duration-ms="602" started-at="2020-06-19T08:09:37 ICT" description="SĐT đã tồn tại và bỏ trống họ tên" finished-at="2020-06-19T08:09:38 ICT">
          <reporter-output>
          </reporter-output>
        </test-method> <!-- test54 -->
        <test-method status="PASS" signature="before()[pri:0, instance:com.vn.VNDirect.RegisterTest@35d176f7]" name="before" is-config="true" duration-ms="209" started-at="2020-06-19T08:09:38 ICT" finished-at="2020-06-19T08:09:38 ICT">
          <reporter-output>
          </reporter-output>
        </test-method> <!-- before -->
        <test-method status="PASS" signature="test55()[pri:0, instance:com.vn.VNDirect.RegisterTest@35d176f7]" name="test55" duration-ms="499" started-at="2020-06-19T08:09:38 ICT" description="SĐT đã tồn tại và bỏ trống họ tên, email" finished-at="2020-06-19T08:09:38 ICT">
          <reporter-output>
          </reporter-output>
        </test-method> <!-- test55 -->
        <test-method status="PASS" signature="before()[pri:0, instance:com.vn.VNDirect.RegisterTest@35d176f7]" name="before" is-config="true" duration-ms="188" started-at="2020-06-19T08:09:38 ICT" finished-at="2020-06-19T08:09:38 ICT">
          <reporter-output>
          </reporter-output>
        </test-method> <!-- before -->
        <test-method status="PASS" signature="test56()[pri:0, instance:com.vn.VNDirect.RegisterTest@35d176f7]" name="test56" duration-ms="376" started-at="2020-06-19T08:09:38 ICT" description="SĐT đã tồn tại và bỏ trống họ tên, email, tên đăng nhập" finished-at="2020-06-19T08:09:39 ICT">
          <reporter-output>
          </reporter-output>
        </test-method> <!-- test56 -->
        <test-method status="PASS" signature="before()[pri:0, instance:com.vn.VNDirect.RegisterTest@35d176f7]" name="before" is-config="true" duration-ms="174" started-at="2020-06-19T08:09:39 ICT" finished-at="2020-06-19T08:09:39 ICT">
          <reporter-output>
          </reporter-output>
        </test-method> <!-- before -->
        <test-method status="PASS" signature="test57()[pri:0, instance:com.vn.VNDirect.RegisterTest@35d176f7]" name="test57" duration-ms="541" started-at="2020-06-19T08:09:39 ICT" description="Email đã tồn tại và bỏ trống họ tên" finished-at="2020-06-19T08:09:39 ICT">
          <reporter-output>
          </reporter-output>
        </test-method> <!-- test57 -->
        <test-method status="PASS" signature="before()[pri:0, instance:com.vn.VNDirect.RegisterTest@35d176f7]" name="before" is-config="true" duration-ms="205" started-at="2020-06-19T08:09:39 ICT" finished-at="2020-06-19T08:09:40 ICT">
          <reporter-output>
          </reporter-output>
        </test-method> <!-- before -->
        <test-method status="PASS" signature="test58()[pri:0, instance:com.vn.VNDirect.RegisterTest@35d176f7]" name="test58" duration-ms="484" started-at="2020-06-19T08:09:40 ICT" description="Email đã tồn tại và bỏ trống họ tên,SĐT" finished-at="2020-06-19T08:09:40 ICT">
          <reporter-output>
          </reporter-output>
        </test-method> <!-- test58 -->
        <test-method status="PASS" signature="before()[pri:0, instance:com.vn.VNDirect.RegisterTest@35d176f7]" name="before" is-config="true" duration-ms="190" started-at="2020-06-19T08:09:40 ICT" finished-at="2020-06-19T08:09:40 ICT">
          <reporter-output>
          </reporter-output>
        </test-method> <!-- before -->
        <test-method status="PASS" signature="test59()[pri:0, instance:com.vn.VNDirect.RegisterTest@35d176f7]" name="test59" duration-ms="403" started-at="2020-06-19T08:09:40 ICT" description="Email đã tồn tại và bỏ trống họ tên,SĐT,tên đăng nhập" finished-at="2020-06-19T08:09:41 ICT">
          <reporter-output>
          </reporter-output>
        </test-method> <!-- test59 -->
        <test-method status="PASS" signature="before()[pri:0, instance:com.vn.VNDirect.RegisterTest@35d176f7]" name="before" is-config="true" duration-ms="178" started-at="2020-06-19T08:09:41 ICT" finished-at="2020-06-19T08:09:41 ICT">
          <reporter-output>
          </reporter-output>
        </test-method> <!-- before -->
        <test-method status="PASS" signature="test60()[pri:0, instance:com.vn.VNDirect.RegisterTest@35d176f7]" name="test60" duration-ms="693" started-at="2020-06-19T08:09:41 ICT" description="SĐT và Email đã tồn tại" finished-at="2020-06-19T08:09:42 ICT">
          <reporter-output>
          </reporter-output>
        </test-method> <!-- test60 -->
        <test-method status="PASS" signature="before()[pri:0, instance:com.vn.VNDirect.RegisterTest@35d176f7]" name="before" is-config="true" duration-ms="227" started-at="2020-06-19T08:09:42 ICT" finished-at="2020-06-19T08:09:42 ICT">
          <reporter-output>
          </reporter-output>
        </test-method> <!-- before -->
        <test-method status="PASS" signature="test61()[pri:0, instance:com.vn.VNDirect.RegisterTest@35d176f7]" name="test61" duration-ms="592" started-at="2020-06-19T08:09:42 ICT" description="SĐT và Email đã tồn tại, bỏ trống họ tên" finished-at="2020-06-19T08:09:42 ICT">
          <reporter-output>
          </reporter-output>
        </test-method> <!-- test61 -->
        <test-method status="PASS" signature="before()[pri:0, instance:com.vn.VNDirect.RegisterTest@35d176f7]" name="before" is-config="true" duration-ms="204" started-at="2020-06-19T08:09:42 ICT" finished-at="2020-06-19T08:09:43 ICT">
          <reporter-output>
          </reporter-output>
        </test-method> <!-- before -->
        <test-method status="PASS" signature="test62()[pri:0, instance:com.vn.VNDirect.RegisterTest@35d176f7]" name="test62" duration-ms="594" started-at="2020-06-19T08:09:43 ICT" description="SĐT và Email đã tồn tại, bỏ trống tên đăng nhập" finished-at="2020-06-19T08:09:43 ICT">
          <reporter-output>
          </reporter-output>
        </test-method> <!-- test62 -->
        <test-method status="PASS" signature="before()[pri:0, instance:com.vn.VNDirect.RegisterTest@35d176f7]" name="before" is-config="true" duration-ms="207" started-at="2020-06-19T08:09:43 ICT" finished-at="2020-06-19T08:09:43 ICT">
          <reporter-output>
          </reporter-output>
        </test-method> <!-- before -->
        <test-method status="PASS" signature="test63()[pri:0, instance:com.vn.VNDirect.RegisterTest@35d176f7]" name="test63" duration-ms="508" started-at="2020-06-19T08:09:43 ICT" description="SĐT và Email đã tồn tại, bỏ trống tên đăng nhập và họ tên" finished-at="2020-06-19T08:09:44 ICT">
          <reporter-output>
          </reporter-output>
        </test-method> <!-- test63 -->
        <test-method status="PASS" signature="before()[pri:0, instance:com.vn.VNDirect.RegisterTest@35d176f7]" name="before" is-config="true" duration-ms="190" started-at="2020-06-19T08:09:44 ICT" finished-at="2020-06-19T08:09:44 ICT">
          <reporter-output>
          </reporter-output>
        </test-method> <!-- before -->
        <test-method status="PASS" signature="test64()[pri:0, instance:com.vn.VNDirect.RegisterTest@35d176f7]" name="test64" duration-ms="357" started-at="2020-06-19T08:09:44 ICT" description="SĐT và Email đã tồn tại, bỏ trống tên đăng nhập và họ tên và mật khẩu và xác nhận mật khẩu" finished-at="2020-06-19T08:09:45 ICT">
          <reporter-output>
          </reporter-output>
        </test-method> <!-- test64 -->
        <test-method status="PASS" signature="before()[pri:0, instance:com.vn.VNDirect.RegisterTest@35d176f7]" name="before" is-config="true" duration-ms="154" started-at="2020-06-19T08:09:45 ICT" finished-at="2020-06-19T08:09:45 ICT">
          <reporter-output>
          </reporter-output>
        </test-method> <!-- before -->
        <test-method status="FAIL" signature="test65()[pri:0, instance:com.vn.VNDirect.RegisterTest@35d176f7]" name="test65" duration-ms="502" started-at="2020-06-19T08:09:45 ICT" description="SĐT và Email đã tồn tại, họ tên trống, xác nhận mật khẩu không khớp" finished-at="2020-06-19T08:09:45 ICT">
          <exception class="org.openqa.selenium.NoSuchElementException">
            <message>
              <![CDATA[no such element: Unable to locate element: {"method":"xpath","selector":"/html/body/div[1]/div/div[2]/div/div/form/div[2]/div/div[2]/div/div/div/span"}
  (Session info: chrome=83.0.4103.106)
For documentation on this error, please visit: https://www.seleniumhq.org/exceptions/no_such_element.html
Build info: version: '3.141.59', revision: 'e82be7d358', time: '2018-11-14T08:17:03'
System info: host: 'DESKTOP-U33STF4', ip: '192.168.9.2', os.name: 'Windows 10', os.arch: 'amd64', os.version: '10.0', java.version: '1.8.0_212'
Driver info: org.openqa.selenium.chrome.ChromeDriver
Capabilities {acceptInsecureCerts: false, browserName: chrome, browserVersion: 83.0.4103.106, chrome: {chromedriverVersion: 83.0.4103.39 (ccbf011cb2d2b..., userDataDir: C:\Users\SopenPC\AppData\Lo...}, goog:chromeOptions: {debuggerAddress: localhost:65139}, javascriptEnabled: true, networkConnectionEnabled: false, pageLoadStrategy: normal, platform: WINDOWS, platformName: WINDOWS, proxy: Proxy(), setWindowRect: true, strictFileInteractability: false, timeouts: {implicit: 0, pageLoad: 300000, script: 30000}, unhandledPromptBehavior: dismiss and notify, webauthn:virtualAuthenticators: true}
Session ID: 73e3983a927ce714b0d2daffdb7c8bb2
*** Element info: {Using=xpath, value=/html/body/div[1]/div/div[2]/div/div/form/div[2]/div/div[2]/div/div/div/span}]]>
            </message>
            <full-stacktrace>
              <![CDATA[org.openqa.selenium.NoSuchElementException: no such element: Unable to locate element: {"method":"xpath","selector":"/html/body/div[1]/div/div[2]/div/div/form/div[2]/div/div[2]/div/div/div/span"}
  (Session info: chrome=83.0.4103.106)
For documentation on this error, please visit: https://www.seleniumhq.org/exceptions/no_such_element.html
Build info: version: '3.141.59', revision: 'e82be7d358', time: '2018-11-14T08:17:03'
System info: host: 'DESKTOP-U33STF4', ip: '192.168.9.2', os.name: 'Windows 10', os.arch: 'amd64', os.version: '10.0', java.version: '1.8.0_212'
Driver info: org.openqa.selenium.chrome.ChromeDriver
Capabilities {acceptInsecureCerts: false, browserName: chrome, browserVersion: 83.0.4103.106, chrome: {chromedriverVersion: 83.0.4103.39 (ccbf011cb2d2b..., userDataDir: C:\Users\SopenPC\AppData\Lo...}, goog:chromeOptions: {debuggerAddress: localhost:65139}, javascriptEnabled: true, networkConnectionEnabled: false, pageLoadStrategy: normal, platform: WINDOWS, platformName: WINDOWS, proxy: Proxy(), setWindowRect: true, strictFileInteractability: false, timeouts: {implicit: 0, pageLoad: 300000, script: 30000}, unhandledPromptBehavior: dismiss and notify, webauthn:virtualAuthenticators: true}
Session ID: 73e3983a927ce714b0d2daffdb7c8bb2
*** Element info: {Using=xpath, value=/html/body/div[1]/div/div[2]/div/div/form/div[2]/div/div[2]/div/div/div/span}
at sun.reflect.NativeConstructorAccessorImpl.newInstance0(Native Method)
at sun.reflect.NativeConstructorAccessorImpl.newInstance(Unknown Source)
at sun.reflect.DelegatingConstructorAccessorImpl.newInstance(Unknown Source)
at java.lang.reflect.Constructor.newInstance(Unknown Source)
at org.openqa.selenium.remote.http.W3CHttpResponseCodec.createException(W3CHttpResponseCodec.java:187)
at org.openqa.selenium.remote.http.W3CHttpResponseCodec.decode(W3CHttpResponseCodec.java:122)
at org.openqa.selenium.remote.http.W3CHttpResponseCodec.decode(W3CHttpResponseCodec.java:49)
at org.openqa.selenium.remote.HttpCommandExecutor.execute(HttpCommandExecutor.java:158)
at org.openqa.selenium.remote.service.DriverCommandExecutor.execute(DriverCommandExecutor.java:83)
at org.openqa.selenium.remote.RemoteWebDriver.execute(RemoteWebDriver.java:552)
at org.openqa.selenium.remote.RemoteWebDriver.findElement(RemoteWebDriver.java:323)
at org.openqa.selenium.remote.RemoteWebDriver.findElementByXPath(RemoteWebDriver.java:428)
at org.openqa.selenium.By$ByXPath.findElement(By.java:353)
at org.openqa.selenium.remote.RemoteWebDriver.findElement(RemoteWebDriver.java:315)
at com.vn.VNDirect.RegisterTest.test65(RegisterTest.java:1534)
at sun.reflect.NativeMethodAccessorImpl.invoke0(Native Method)
at sun.reflect.NativeMethodAccessorImpl.invoke(Unknown Source)
at sun.reflect.DelegatingMethodAccessorImpl.invoke(Unknown Source)
at java.lang.reflect.Method.invoke(Unknown Source)
at org.testng.internal.MethodInvocationHelper.invokeMethod(MethodInvocationHelper.java:134)
at org.testng.internal.TestInvoker.invokeMethod(TestInvoker.java:597)
at org.testng.internal.TestInvoker.invokeTestMethod(TestInvoker.java:173)
at org.testng.internal.MethodRunner.runInSequence(MethodRunner.java:46)
at org.testng.internal.TestInvoker$MethodInvocationAgent.invoke(TestInvoker.java:816)
at org.testng.internal.TestInvoker.invokeTestMethods(TestInvoker.java:146)
at org.testng.internal.TestMethodWorker.invokeTestMethods(TestMethodWorker.java:146)
at org.testng.internal.TestMethodWorker.run(TestMethodWorker.java:128)
at java.util.ArrayList.forEach(Unknown Source)
at org.testng.TestRunner.privateRun(TestRunner.java:766)
at org.testng.TestRunner.run(TestRunner.java:587)
at org.testng.SuiteRunner.runTest(SuiteRunner.java:384)
at org.testng.SuiteRunner.runSequentially(SuiteRunner.java:378)
at org.testng.SuiteRunner.privateRun(SuiteRunner.java:337)
at org.testng.SuiteRunner.run(SuiteRunner.java:286)
at org.testng.SuiteRunnerWorker.runSuite(SuiteRunnerWorker.java:53)
at org.testng.SuiteRunnerWorker.run(SuiteRunnerWorker.java:96)
at org.testng.TestNG.runSuitesSequentially(TestNG.java:1187)
at org.testng.TestNG.runSuitesLocally(TestNG.java:1109)
at org.testng.TestNG.runSuites(TestNG.java:1039)
at org.testng.TestNG.run(TestNG.java:1007)
at org.testng.remote.AbstractRemoteTestNG.run(AbstractRemoteTestNG.java:115)
at org.testng.remote.RemoteTestNG.initAndRun(RemoteTestNG.java:251)
at org.testng.remote.RemoteTestNG.main(RemoteTestNG.java:77)
]]>
            </full-stacktrace>
          </exception> <!-- org.openqa.selenium.NoSuchElementException -->
          <reporter-output>
          </reporter-output>
        </test-method> <!-- test65 -->
        <test-method status="PASS" signature="before()[pri:0, instance:com.vn.VNDirect.RegisterTest@35d176f7]" name="before" is-config="true" duration-ms="202" started-at="2020-06-19T08:09:45 ICT" finished-at="2020-06-19T08:09:45 ICT">
          <reporter-output>
          </reporter-output>
        </test-method> <!-- before -->
        <test-method status="PASS" signature="test66()[pri:0, instance:com.vn.VNDirect.RegisterTest@35d176f7]" name="test66" duration-ms="452" started-at="2020-06-19T08:09:45 ICT" description="SĐT và Email đã tồn tại, tên đăng nhập trống, xác nhận mật khẩu trống, mật khẩu trống" finished-at="2020-06-19T08:09:46 ICT">
          <reporter-output>
          </reporter-output>
        </test-method> <!-- test66 -->
        <test-method status="PASS" signature="before()[pri:0, instance:com.vn.VNDirect.RegisterTest@35d176f7]" name="before" is-config="true" duration-ms="178" started-at="2020-06-19T08:09:46 ICT" finished-at="2020-06-19T08:09:46 ICT">
          <reporter-output>
          </reporter-output>
        </test-method> <!-- before -->
        <test-method status="PASS" signature="test67()[pri:0, instance:com.vn.VNDirect.RegisterTest@35d176f7]" name="test67" duration-ms="572" started-at="2020-06-19T08:09:46 ICT" description="SĐT và Email đã tồn tại, họ tên trống, xác nhận mật khẩu không khớp" finished-at="2020-06-19T08:09:47 ICT">
          <reporter-output>
          </reporter-output>
        </test-method> <!-- test67 -->
        <test-method status="PASS" signature="before()[pri:0, instance:com.vn.VNDirect.RegisterTest@35d176f7]" name="before" is-config="true" duration-ms="221" started-at="2020-06-19T08:09:47 ICT" finished-at="2020-06-19T08:09:47 ICT">
          <reporter-output>
          </reporter-output>
        </test-method> <!-- before -->
        <test-method status="PASS" signature="test68()[pri:0, instance:com.vn.VNDirect.RegisterTest@35d176f7]" name="test68" duration-ms="513" started-at="2020-06-19T08:09:47 ICT" description="SĐT và Email đã tồn tại, xác nhận mật khẩu trống, mật khẩu trống" finished-at="2020-06-19T08:09:47 ICT">
          <reporter-output>
          </reporter-output>
        </test-method> <!-- test68 -->
        <test-method status="PASS" signature="before()[pri:0, instance:com.vn.VNDirect.RegisterTest@35d176f7]" name="before" is-config="true" duration-ms="185" started-at="2020-06-19T08:09:47 ICT" finished-at="2020-06-19T08:09:48 ICT">
          <reporter-output>
          </reporter-output>
        </test-method> <!-- before -->
        <test-method status="FAIL" signature="test69()[pri:0, instance:com.vn.VNDirect.RegisterTest@35d176f7]" name="test69" duration-ms="638" started-at="2020-06-19T08:09:48 ICT" description="SĐT và Email đã tồn tại, xác nhận mật khẩu không khớp" finished-at="2020-06-19T08:09:48 ICT">
          <exception class="org.openqa.selenium.NoSuchElementException">
            <message>
              <![CDATA[no such element: Unable to locate element: {"method":"xpath","selector":"/html/body/div[1]/div/div[2]/div/div/form/div[2]/div/div[2]/div/div/div/span"}
  (Session info: chrome=83.0.4103.106)
For documentation on this error, please visit: https://www.seleniumhq.org/exceptions/no_such_element.html
Build info: version: '3.141.59', revision: 'e82be7d358', time: '2018-11-14T08:17:03'
System info: host: 'DESKTOP-U33STF4', ip: '192.168.9.2', os.name: 'Windows 10', os.arch: 'amd64', os.version: '10.0', java.version: '1.8.0_212'
Driver info: org.openqa.selenium.chrome.ChromeDriver
Capabilities {acceptInsecureCerts: false, browserName: chrome, browserVersion: 83.0.4103.106, chrome: {chromedriverVersion: 83.0.4103.39 (ccbf011cb2d2b..., userDataDir: C:\Users\SopenPC\AppData\Lo...}, goog:chromeOptions: {debuggerAddress: localhost:65139}, javascriptEnabled: true, networkConnectionEnabled: false, pageLoadStrategy: normal, platform: WINDOWS, platformName: WINDOWS, proxy: Proxy(), setWindowRect: true, strictFileInteractability: false, timeouts: {implicit: 0, pageLoad: 300000, script: 30000}, unhandledPromptBehavior: dismiss and notify, webauthn:virtualAuthenticators: true}
Session ID: 73e3983a927ce714b0d2daffdb7c8bb2
*** Element info: {Using=xpath, value=/html/body/div[1]/div/div[2]/div/div/form/div[2]/div/div[2]/div/div/div/span}]]>
            </message>
            <full-stacktrace>
              <![CDATA[org.openqa.selenium.NoSuchElementException: no such element: Unable to locate element: {"method":"xpath","selector":"/html/body/div[1]/div/div[2]/div/div/form/div[2]/div/div[2]/div/div/div/span"}
  (Session info: chrome=83.0.4103.106)
For documentation on this error, please visit: https://www.seleniumhq.org/exceptions/no_such_element.html
Build info: version: '3.141.59', revision: 'e82be7d358', time: '2018-11-14T08:17:03'
System info: host: 'DESKTOP-U33STF4', ip: '192.168.9.2', os.name: 'Windows 10', os.arch: 'amd64', os.version: '10.0', java.version: '1.8.0_212'
Driver info: org.openqa.selenium.chrome.ChromeDriver
Capabilities {acceptInsecureCerts: false, browserName: chrome, browserVersion: 83.0.4103.106, chrome: {chromedriverVersion: 83.0.4103.39 (ccbf011cb2d2b..., userDataDir: C:\Users\SopenPC\AppData\Lo...}, goog:chromeOptions: {debuggerAddress: localhost:65139}, javascriptEnabled: true, networkConnectionEnabled: false, pageLoadStrategy: normal, platform: WINDOWS, platformName: WINDOWS, proxy: Proxy(), setWindowRect: true, strictFileInteractability: false, timeouts: {implicit: 0, pageLoad: 300000, script: 30000}, unhandledPromptBehavior: dismiss and notify, webauthn:virtualAuthenticators: true}
Session ID: 73e3983a927ce714b0d2daffdb7c8bb2
*** Element info: {Using=xpath, value=/html/body/div[1]/div/div[2]/div/div/form/div[2]/div/div[2]/div/div/div/span}
at sun.reflect.NativeConstructorAccessorImpl.newInstance0(Native Method)
at sun.reflect.NativeConstructorAccessorImpl.newInstance(Unknown Source)
at sun.reflect.DelegatingConstructorAccessorImpl.newInstance(Unknown Source)
at java.lang.reflect.Constructor.newInstance(Unknown Source)
at org.openqa.selenium.remote.http.W3CHttpResponseCodec.createException(W3CHttpResponseCodec.java:187)
at org.openqa.selenium.remote.http.W3CHttpResponseCodec.decode(W3CHttpResponseCodec.java:122)
at org.openqa.selenium.remote.http.W3CHttpResponseCodec.decode(W3CHttpResponseCodec.java:49)
at org.openqa.selenium.remote.HttpCommandExecutor.execute(HttpCommandExecutor.java:158)
at org.openqa.selenium.remote.service.DriverCommandExecutor.execute(DriverCommandExecutor.java:83)
at org.openqa.selenium.remote.RemoteWebDriver.execute(RemoteWebDriver.java:552)
at org.openqa.selenium.remote.RemoteWebDriver.findElement(RemoteWebDriver.java:323)
at org.openqa.selenium.remote.RemoteWebDriver.findElementByXPath(RemoteWebDriver.java:428)
at org.openqa.selenium.By$ByXPath.findElement(By.java:353)
at org.openqa.selenium.remote.RemoteWebDriver.findElement(RemoteWebDriver.java:315)
at com.vn.VNDirect.RegisterTest.test69(RegisterTest.java:1642)
at sun.reflect.NativeMethodAccessorImpl.invoke0(Native Method)
at sun.reflect.NativeMethodAccessorImpl.invoke(Unknown Source)
at sun.reflect.DelegatingMethodAccessorImpl.invoke(Unknown Source)
at java.lang.reflect.Method.invoke(Unknown Source)
at org.testng.internal.MethodInvocationHelper.invokeMethod(MethodInvocationHelper.java:134)
at org.testng.internal.TestInvoker.invokeMethod(TestInvoker.java:597)
at org.testng.internal.TestInvoker.invokeTestMethod(TestInvoker.java:173)
at org.testng.internal.MethodRunner.runInSequence(MethodRunner.java:46)
at org.testng.internal.TestInvoker$MethodInvocationAgent.invoke(TestInvoker.java:816)
at org.testng.internal.TestInvoker.invokeTestMethods(TestInvoker.java:146)
at org.testng.internal.TestMethodWorker.invokeTestMethods(TestMethodWorker.java:146)
at org.testng.internal.TestMethodWorker.run(TestMethodWorker.java:128)
at java.util.ArrayList.forEach(Unknown Source)
at org.testng.TestRunner.privateRun(TestRunner.java:766)
at org.testng.TestRunner.run(TestRunner.java:587)
at org.testng.SuiteRunner.runTest(SuiteRunner.java:384)
at org.testng.SuiteRunner.runSequentially(SuiteRunner.java:378)
at org.testng.SuiteRunner.privateRun(SuiteRunner.java:337)
at org.testng.SuiteRunner.run(SuiteRunner.java:286)
at org.testng.SuiteRunnerWorker.runSuite(SuiteRunnerWorker.java:53)
at org.testng.SuiteRunnerWorker.run(SuiteRunnerWorker.java:96)
at org.testng.TestNG.runSuitesSequentially(TestNG.java:1187)
at org.testng.TestNG.runSuitesLocally(TestNG.java:1109)
at org.testng.TestNG.runSuites(TestNG.java:1039)
at org.testng.TestNG.run(TestNG.java:1007)
at org.testng.remote.AbstractRemoteTestNG.run(AbstractRemoteTestNG.java:115)
at org.testng.remote.RemoteTestNG.initAndRun(RemoteTestNG.java:251)
at org.testng.remote.RemoteTestNG.main(RemoteTestNG.java:77)
]]>
            </full-stacktrace>
          </exception> <!-- org.openqa.selenium.NoSuchElementException -->
          <reporter-output>
          </reporter-output>
        </test-method> <!-- test69 -->
        <test-method status="PASS" signature="before()[pri:0, instance:com.vn.VNDirect.RegisterTest@35d176f7]" name="before" is-config="true" duration-ms="218" started-at="2020-06-19T08:09:48 ICT" finished-at="2020-06-19T08:09:48 ICT">
          <reporter-output>
          </reporter-output>
        </test-method> <!-- before -->
        <test-method status="PASS" signature="test70()[pri:0, instance:com.vn.VNDirect.RegisterTest@35d176f7]" name="test70" duration-ms="628" started-at="2020-06-19T08:09:48 ICT" description="SĐT và Email đã tồn tại, mật khẩu 7 ký tự" finished-at="2020-06-19T08:09:49 ICT">
          <reporter-output>
          </reporter-output>
        </test-method> <!-- test70 -->
        <test-method status="PASS" signature="close()[pri:0, instance:com.vn.VNDirect.RegisterTest@35d176f7]" name="close" is-config="true" duration-ms="47" started-at="2020-06-19T08:09:49 ICT" finished-at="2020-06-19T08:09:49 ICT">
          <reporter-output>
          </reporter-output>
        </test-method> <!-- close -->
      </class> <!-- com.vn.VNDirect.RegisterTest -->
    </test> <!-- Default test -->
  </suite> <!-- Default suite -->
</testng-results>
